<item_list>
    <item>
        <!-- 
            this is a long comment which will occupy multiple chunks
            and will have a repeating xml node in it.

            xtreamer should be able to parse the xml by skipping nodes inside this comment

            here is the first repeating node start

            <item>

                and here is the long string

                admission
                restoration
                accident
                greeting
                aloof
                telephone
                morning
                disk
                path
                business
                cluster
                awful
                result
                scale
                discuss
                confrontation
                fade
                cause
                posture
                confront
                version
                hover
                suggest
                mobile
                threshold
                end
                jealous
                ribbon
                south
                joint
                achievement
                coalition
                reality
                park
                contrary
                fitness
                shave
                behead
                cave
                journal
                trust
                storage
                cooperation
                studio
                grind
                convention
                reception
                volcano
                conversation
                concert
                hypothesis
                youth
                damn
                fiction
                coffin
                pan
                commission
                novel
                experiment
                competition
                finish
                dash
                introduction
                appetite
                management
                offend
                trunk
                fling
                ride
                presentation
                robot
                trick
                modernize
                suspect
                observation
                soft
                lost
                throw
                initial
                performance
                claim
                provide
                crisis
                glow
                medicine
                table
                contempt
                thumb
                computing
                rehabilitation
                freckle
                portrait
                cheat
                orange
                assessment
                cook
                part
                peace
                inspire
                charity
                slip
                researcher
                rape
                section
                folklore
                needle
                bold
                garbage
                feeling
                nose
                commerce
                adopt
                foundation
                maid
                dorm
                episode
                diagram
                organ
                suitcase
                mask
                grain
                heavy
                install
                neighbour
                blame
                agony
                conviction
                context
                tray
                dignity
                mutter
                drawing
                final
                approval
                marble
                switch
                formulate
                waist
                payment
                pressure
                delicate
                worker
                minor
                analysis
                bear
                atmosphere
                conceive
                mail carrier
                exclusive
                script
                hostility
                bar
                even
                breast
                exempt
                seed
                ostracize
                investment
                ritual
                determine
                civilian
                ceiling
                sand
                domination
                judicial
                crew
                cable
                rescue
                multimedia
                range
                development
                explode
                economist
                dream
                relationship
                routine
                employee
                explain
                excuse
                harsh
                marketing
                dangerous
                producer
                reject
                legislation
                taste
                gem
                misery
                deficiency
                drift
                digress
                catch
                ex
                suppress
                salesperson
                astonishing
                short
                credit
                soak
                mood
                copyright
                compensation
                rule
                lawyer
                research
                AIDS
                miserable
                lion
                braid
                surface
                incident
                rock
                cheque
                contemporary
                freshman
                warrant
                riot
                charismatic
                wash
                crevice
                toast
                original
                layout
                control
                weigh
                preoccupation
                rainbow
                television
                officer
                stunning
                argument
                dive
                inappropriate
                explosion
                basic
                pocket
                carrot
                costume
                commemorate
                willpower
                chemistry
                summary
                election
                blank
                deteriorate
                magnitude
                temporary
                enjoy
                sustain
                waiter
                related
                fair
                unit
                flour
                remedy
                number
                worry
                clock
                address
                magnetic
                crutch
                credibility
                application
                nest
                pierce
                reach
                beautiful
                failure
                queen
                guess
                joystick
                nervous
                eagle
                discrimination
                maximum
                oil
                science
                rain
                instruction
                spell
                conservative
                resignation
                forestry
                wing
                sheet
                tank
                blind
                equal
                stroll
                release
                line
                stock
                profit
                sink
                chimpanzee
                particular
                exposure
                trance
                dictionary
                host
                dictate
                rush
                impound
                recover
                mark
                trial
                wheat
                grandmother
                chew
                deputy
                effect
                solid
                corner
                act
                sense
                game
                secular
                pyramid
                X-ray
                sodium
                tiger
                knee
                drag
                tidy
                fashionable
                morale
                shatter
                parallel
                nerve
                month
                rubbish
                insist
                say
                likely
                coverage
                deliver
                investigation
                spokesperson
                gradient
                veteran
                discount
                cheek
                quarter
                ball
                page
                imperial
                momentum
                justice
                rotate
                breeze
                affair
                thinker
                rifle
                federation
                collect
                shift
                revolution
                trap
                camera
                star
                suffer
                policeman
                fraud
                autonomy
                premature
                closed
                missile
                chop
                shine
                know
                rugby
                supplementary
                declaration
                field
                division
                suit
                quality
                economic
                benefit
                venture
                repeat
                fragrant
                value
                fruit
                favorable
                terminal
                omission
                broken
                refund
                permission
                obese
                stable
                appendix
                sticky
                desk
                treasurer
                provoke
                hide
                debut
                bus
                drain
                texture
                gaffe
                swallow
                tree
                rub
                broccoli
                solo
                ladder
                compose
                area
                drill
                radical
                arch
                aisle
                ego
                distant
                sunshine
                care
                pavement
                sight
                night
                guest
                resort
                record
                drama
                yearn
                helicopter
                army
                difficult
                lip
                architect
                gold
                screen
                absorption
                count
                court
                push
                quota
                offer
                jurisdiction
                quantity
                dragon
                punish
                reader
                revive
                exemption
                color-blind
                wilderness
                twitch
                herd
                brave
                design
                draw
                want
                principle
                player
                mole
                articulate
                exclude
                present
                directory
                slime
                dependence
                pattern
                float
                tax
                club
                barrier
                smooth
                rumor
                layer
                use
                graphic
                midnight
                undertake
                suburb
                scrap
                snow
                regret
                show
                point
                resist
                wrap
                ditch
                psychology
                rotten
                patent
                courtship
                ethnic
                export
                digital
                troop
                fluctuation
                scatter
                mist
                feed
                charter
                banish
                lily
                finger
                infinite
                curtain
                cooperative
                crown
                convulsion
                virgin
                profound
                attract
                wreck
                counter
                thesis
                stick
                black
                reduce
                overeat
                pay
                core
                cattle
                dimension
                war
                acute
                meadow
                tropical
                obscure
                parameter
                estimate
                experienced
                precedent
                wall
                run
                kitchen
                grandfather
                detail
                major
                galaxy
                unlawful
                pile
                commitment
                stuff
                slap
                finished
                primary
                accessible
                eye
                exchange
                peanut
                impulse
                personal
                museum
                appeal
                bake
                doubt
                dollar
                endorse
                realism
                burn
                tire
                appoint
                module
                champion
                socialist
                eaux
                instinct
                weak
                compete
                congress
                imposter
                coincidence
                academy
                dominant
                build
                read
                stitch
                polish
                choke
                old
                throat
                angle
                coup
                support
                monstrous
                leg
                spot
                window
                surgeon
                guilt
                ecstasy
                examination
                unpleasant
                turkey
                trouser
                enthusiasm
                mosaic
                association
                figure
                thick
                genuine
                due
                trivial
                guerrilla
                equip
                public
                response
                write
                radiation
                advertising
                word
                strategic
                clay
                authorise
                gas
                grass
                wire
                scenario
                trench
                chord
                disability
                allow
                excavate
                instrument
                roar
                ghostwriter
                loan
                sick
                shy
                absence
                laundry
                calm
                flow
                chaos
                breed
                spit
                essay
                prison
                cassette
                morsel
                earthflax
                means
                tablet
                settlement
                jaw
                lighter
                pat
                first
                bill
                ridge
                eat
                bell
                split
                mourning
                landscape
                cycle
                size
                craftsman
                check
                serious
                prestige
                beef
                humor
                prosper
                symbol
                trainer
                assignment
                breathe
                defeat
                transition
                foot
                perceive
                conference
                bullet
                raid
                effort
                drive
                bomb
                receipt
                discriminate
                channel
                wolf
                celebration
                start
                cash
                lean
                balance
                freighter
                wheel
                poetry
                horn
                sermon
                ideal
                arrest
                seem
                advantage
                follow
                agriculture
                sequence
                snail
                distance
                favourite
                environmental
                prayer
                memory
                biography
                elapse
                cottage
                variation
                circle
                expression
                recruit
                worth
                econobox
                comfort
                union
                foster
                code
                scramble
                tumble
                restaurant
                lemon
                wound
                hand
                consider
                beneficiary
                knowledge
                forward
                sentence
                boy
                fool
                return
                displace
                knife
                aunt
                looting
                woman
                node
                essential
                friend
                transform
                intelligence
                transmission
                composer
                whole
                rung
                free
                wrist
                plant
                criticism
                foreigner
                king
                answer
                printer
                factor
                arrogant
                delete
                wonder
                perception
                factory
                dismissal
                swop
                bare
                brick
                funeral
                evening
                introduce
                door
                truth
                position
                equinox
                crack
                treat
                planet
                card
                fly
                innocent
                stomach
                sigh
                responsible
                art
                fame
                offender
                apple
                straighten
                suite
                earthwax
                treatment
                flat
                sweater
                menu
                accompany
                pride
                remember
                fibre
                story
                lesson
                rob
                colon
                friendly
                banana
                opera
                attractive
                leader
                seasonal
                alarm
                forest
                lung
                romantic
                tradition
                vat
                enemy
                call
                strong
                compromise
                disappoint
                absolute
                baseball
                whisper
                harass
                paper
                harbor
                poison
                singer
                potential
                left
                lineage
                reserve
                difference
                tournament
                exception
                girl
                marsh
                ignorant
                expenditure
                hope
                competence
                promotion
                master
                time
                progress
                conflict
                auditor
                red
                unanimous
                ear
                predator
                opposite
                reign
                heroin
                incongruous
                necklace
                frame
                dare
                chauvinist
                dinner
                gain
                parachute
                quest
                conspiracy
                winter
                loud
                meat
                Mars
                approach
                memorial
                doctor
                generation
                adoption
                display
                specimen
                content
                term
                silk
                incapable
                slide
                poor
                fragment
                censorship
                define
                tap
                fantasy
                talkative
                haircut
                undermine
                problem
                degree
                video
                can
                seminar
                mix
                execution
                carriage
                deter
                gradual
                captivate
                decisive
                trolley
                lead
                financial
                abundant
                fashion
                ferry
                freight
                banner
                pumpkin
                hunting
                flu
                agree
                folk music
                ambition
                march
                property
                tin
                refuse
                pawn
                revolutionary
                prevent
                please
                wave
                drop
                triangle
                designer
                beam
                ant
                budget
                move
                log
                density
                knot
                age
                axis
                liver
                era
                location
                disorder
                threat
                diamond
                human body
                gap
                contrast
                teenager
                attachment
                nature
                train
                narrow
                urge
                jest
                disco
                donor
                save
                recognize
                manual
                abuse
                pitch
                insistence
                general
                queue
                latest
                highlight
                casualty
                cabinet
                slogan
                constitution
                steam
                dozen
                formula
                hospital
                negotiation
                cell
                laborer
                rank
                initiative
                joke
                bronze
                ignite
                freedom
                deserve
                handicap
                tolerate
                password
                occupation
                valid
                fat
                abstract
                proportion
                clique
                pot
                anticipation
                student
                plastic
                upset
                clothes
                fix
                photocopy
                request
                debate
                respect
                sunrise
                squeeze
                sweat
                childish
                poll
                admission
                restoration
                accident
                greeting
                aloof
                telephone
                morning
                disk
                path
                business
                cluster
                awful
                result
                scale
                discuss
                confrontation
                fade
                cause
                posture
                confront
                version
                hover
                suggest
                mobile
                threshold
                end
                jealous
                ribbon
                south
                joint
                achievement
                coalition
                reality
                park
                contrary
                fitness
                shave
                behead
                cave
                journal
                trust
                storage
                cooperation
                studio
                grind
                convention
                reception
                volcano
                conversation
                concert
                hypothesis
                youth
                damn
                fiction
                coffin
                pan
                commission
                novel
                experiment
                competition
                finish
                dash
                introduction
                appetite
                management
                offend
                trunk
                fling
                ride
                presentation
                robot
                trick
                modernize
                suspect
                observation
                soft
                lost
                throw
                initial
                performance
                claim
                provide
                crisis
                glow
                medicine
                table
                contempt
                thumb
                computing
                rehabilitation
                freckle
                portrait
                cheat
                orange
                assessment
                cook
                part
                peace
                inspire
                charity
                slip
                researcher
                rape
                section
                folklore
                needle
                bold
                garbage
                feeling
                nose
                commerce
                adopt
                foundation
                maid
                dorm
                episode
                diagram
                organ
                suitcase
                mask
                grain
                heavy
                install
                neighbour
                blame
                agony
                conviction
                context
                tray
                dignity
                mutter
                drawing
                final
                approval
                marble
                switch
                formulate
                waist
                payment
                pressure
                delicate
                worker
                minor
                analysis
                bear
                atmosphere
                conceive
                mail carrier
                exclusive
                script
                hostility
                bar
                even
                breast
                exempt
                seed
                ostracize
                investment
                ritual
                determine
                civilian
                ceiling
                sand
                domination
                judicial
                crew
                cable
                rescue
                multimedia
                range
                development
                explode
                economist
                dream
                relationship
                routine
                employee
                explain
                excuse
                harsh
                marketing
                dangerous
                producer
                reject
                legislation
                taste
                gem
                misery
                deficiency
                drift
                digress
                catch
                ex
                suppress
                salesperson
                astonishing
                short
                credit
                soak
                mood
                copyright
                compensation
                rule
                lawyer
                research
                AIDS
                miserable
                lion
                braid
                surface
                incident
                rock
                cheque
                contemporary
                freshman
                warrant
                riot
                charismatic
                wash
                crevice
                toast
                original
                layout
                control
                weigh
                preoccupation
                rainbow
                television
                officer
                stunning
                argument
                dive
                inappropriate
                explosion
                basic
                pocket
                carrot
                costume
                commemorate
                willpower
                chemistry
                summary
                election
                blank
                deteriorate
                magnitude
                temporary
                enjoy
                sustain
                waiter
                related
                fair
                unit
                flour
                remedy
                number
                worry
                clock
                address
                magnetic
                crutch
                credibility
                application
                nest
                pierce
                reach
                beautiful
                failure
                queen
                guess
                joystick
                nervous
                eagle
                discrimination
                maximum
                oil
                science
                rain
                instruction
                spell
                conservative
                resignation
                forestry
                wing
                sheet
                tank
                blind
                equal
                stroll
                release
                line
                stock
                profit
                sink
                chimpanzee
                particular
                exposure
                trance
                dictionary
                host
                dictate
                rush
                impound
                recover
                mark
                trial
                wheat
                grandmother
                chew
                deputy
                effect
                solid
                corner
                act
                sense
                game
                secular
                pyramid
                X-ray
                sodium
                tiger
                knee
                drag
                tidy
                fashionable
                morale
                shatter
                parallel
                nerve
                month
                rubbish
                insist
                say
                likely
                coverage
                deliver
                investigation
                spokesperson
                gradient
                veteran
                discount
                cheek
                quarter
                ball
                page
                imperial
                momentum
                justice
                rotate
                breeze
                affair
                thinker
                rifle
                federation
                collect
                shift
                revolution
                trap
                camera
                star
                suffer
                policeman
                fraud
                autonomy
                premature
                closed
                missile
                chop
                shine
                know
                rugby
                supplementary
                declaration
                field
                division
                suit
                quality
                economic
                benefit
                venture
                repeat
                fragrant
                value
                fruit
                favorable
                terminal
                omission
                broken
                refund
                permission
                obese
                stable
                appendix
                sticky
                desk
                treasurer
                provoke
                hide
                debut
                bus
                drain
                texture
                gaffe
                swallow
                tree
                rub
                broccoli
                solo
                ladder
                compose
                area
                drill
                radical
                arch
                aisle
                ego
                distant
                sunshine
                care
                pavement
                sight
                night
                guest
                resort
                record
                drama
                yearn
                helicopter
                army
                difficult
                lip
                architect
                gold
                screen
                absorption
                count
                court
                push
                quota
                offer
                jurisdiction
                quantity
                dragon
                punish
                reader
                revive
                exemption
                color-blind
                wilderness
                twitch
                herd
                brave
                design
                draw
                want
                principle
                player
                mole
                articulate
                exclude
                present
                directory
                slime
                dependence
                pattern
                float
                tax
                club
                barrier
                smooth
                rumor
                layer
                use
                graphic
                midnight
                undertake
                suburb
                scrap
                snow
                regret
                show
                point
                resist
                wrap
                ditch
                psychology
                rotten
                patent
                courtship
                ethnic
                export
                digital
                troop
                fluctuation
                scatter
                mist
                feed
                charter
                banish
                lily
                finger
                infinite
                curtain
                cooperative
                crown
                convulsion
                virgin
                profound
                attract
                wreck
                counter
                thesis
                stick
                black
                reduce
                overeat
                pay
                core
                cattle
                dimension
                war
                acute
                meadow
                tropical
                obscure
                parameter
                estimate
                experienced
                precedent
                wall
                run
                kitchen
                grandfather
                detail
                major
                galaxy
                unlawful
                pile
                commitment
                stuff
                slap
                finished
                primary
                accessible
                eye
                exchange
                peanut
                impulse
                personal
                museum
                appeal
                bake
                doubt
                dollar
                endorse
                realism
                burn
                tire
                appoint
                module
                champion
                socialist
                eaux
                instinct
                weak
                compete
                congress
                imposter
                coincidence
                academy
                dominant
                build
                read
                stitch
                polish
                choke
                old
                throat
                angle
                coup
                support
                monstrous
                leg
                spot
                window
                surgeon
                guilt
                ecstasy
                examination
                unpleasant
                turkey
                trouser
                enthusiasm
                mosaic
                association
                figure
                thick
                genuine
                due
                trivial
                guerrilla
                equip
                public
                response
                write
                radiation
                advertising
                word
                strategic
                clay
                authorise
                gas
                grass
                wire
                scenario
                trench
                chord
                disability
                allow
                excavate
                instrument
                roar
                ghostwriter
                loan
                sick
                shy
                absence
                laundry
                calm
                flow
                chaos
                breed
                spit
                essay
                prison
                cassette
                morsel
                earthflax
                means
                tablet
                settlement
                jaw
                lighter
                pat
                first
                bill
                ridge
                eat
                bell
                split
                mourning
                landscape
                cycle
                size
                craftsman
                check
                serious
                prestige
                beef
                humor
                prosper
                symbol
                trainer
                assignment
                breathe
                defeat
                transition
                foot
                perceive
                conference
                bullet
                raid
                effort
                drive
                bomb
                receipt
                discriminate
                channel
                wolf
                celebration
                start
                cash
                lean
                balance
                freighter
                wheel
                poetry
                horn
                sermon
                ideal
                arrest
                seem
                advantage
                follow
                agriculture
                sequence
                snail
                distance
                favourite
                environmental
                prayer
                memory
                biography
                elapse
                cottage
                variation
                circle
                expression
                recruit
                worth
                econobox
                comfort
                union
                foster
                code
                scramble
                tumble
                restaurant
                lemon
                wound
                hand
                consider
                beneficiary
                knowledge
                forward
                sentence
                boy
                fool
                return
                displace
                knife
                aunt
                looting
                woman
                node
                essential
                friend
                transform
                intelligence
                transmission
                composer
                whole
                rung
                free
                wrist
                plant
                criticism
                foreigner
                king
                answer
                printer
                factor
                arrogant
                delete
                wonder
                perception
                factory
                dismissal
                swop
                bare
                brick
                funeral
                evening
                introduce
                door
                truth
                position
                equinox
                crack
                treat
                planet
                card
                fly
                innocent
                stomach
                sigh
                responsible
                art
                fame
                offender
                apple
                straighten
                suite
                earthwax
                treatment
                flat
                sweater
                menu
                accompany
                pride
                remember
                fibre
                story
                lesson
                rob
                colon
                friendly
                banana
                opera
                attractive
                leader
                seasonal
                alarm
                forest
                lung
                romantic
                tradition
                vat
                enemy
                call
                strong
                compromise
                disappoint
                absolute
                baseball
                whisper
                harass
                paper
                harbor
                poison
                singer
                potential
                left
                lineage
                reserve
                difference
                tournament
                exception
                girl
                marsh
                ignorant
                expenditure
                hope
                competence
                promotion
                master
                time
                progress
                conflict
                auditor
                red
                unanimous
                ear
                predator
                opposite
                reign
                heroin
                incongruous
                necklace
                frame
                dare
                chauvinist
                dinner
                gain
                parachute
                quest
                conspiracy
                winter
                loud
                meat
                Mars
                approach
                memorial
                doctor
                generation
                adoption
                display
                specimen
                content
                term
                silk
                incapable
                slide
                poor
                fragment
                censorship
                define
                tap
                fantasy
                talkative
                haircut
                undermine
                problem
                degree
                video
                can
                seminar
                mix
                execution
                carriage
                deter
                gradual
                captivate
                decisive
                trolley
                lead
                financial
                abundant
                fashion
                ferry
                freight
                banner
                pumpkin
                hunting
                flu
                agree
                folk music
                ambition
                march
                property
                tin
                refuse
                pawn
                revolutionary
                prevent
                please
                wave
                drop
                triangle
                designer
                beam
                ant
                budget
                move
                log
                density
                knot
                age
                axis
                liver
                era
                location
                disorder
                threat
                diamond
                human body
                gap
                contrast
                teenager
                attachment
                nature
                train
                narrow
                urge
                jest
                disco
                donor
                save
                recognize
                manual
                abuse
                pitch
                insistence
                general
                queue
                latest
                highlight
                casualty
                cabinet
                slogan
                constitution
                steam
                dozen
                formula
                hospital
                negotiation
                cell
                laborer
                rank
                initiative
                joke
                bronze
                ignite
                freedom
                deserve
                handicap
                tolerate
                password
                occupation
                valid
                fat
                abstract
                proportion
                clique
                pot
                anticipation
                student
                plastic
                upset
                clothes
                fix
                photocopy
                request
                debate
                respect
                sunrise
                squeeze
                sweat
                childish
                polladmission
                restoration
                accident
                greeting
                aloof
                telephone
                morning
                disk
                path
                business
                cluster
                awful
                result
                scale
                discuss
                confrontation
                fade
                cause
                posture
                confront
                version
                hover
                suggest
                mobile
                threshold
                end
                jealous
                ribbon
                south
                joint
                achievement
                coalition
                reality
                park
                contrary
                fitness
                shave
                behead
                cave
                journal
                trust
                storage
                cooperation
                studio
                grind
                convention
                reception
                volcano
                conversation
                concert
                hypothesis
                youth
                damn
                fiction
                coffin
                pan
                commission
                novel
                experiment
                competition
                finish
                dash
                introduction
                appetite
                management
                offend
                trunk
                fling
                ride
                presentation
                robot
                trick
                modernize
                suspect
                observation
                soft
                lost
                throw
                initial
                performance
                claim
                provide
                crisis
                glow
                medicine
                table
                contempt
                thumb
                computing
                rehabilitation
                freckle
                portrait
                cheat
                orange
                assessment
                cook
                part
                peace
                inspire
                charity
                slip
                researcher
                rape
                section
                folklore
                needle
                bold
                garbage
                feeling
                nose
                commerce
                adopt
                foundation
                maid
                dorm
                episode
                diagram
                organ
                suitcase
                mask
                grain
                heavy
                install
                neighbour
                blame
                agony
                conviction
                context
                tray
                dignity
                mutter
                drawing
                final
                approval
                marble
                switch
                formulate
                waist
                payment
                pressure
                delicate
                worker
                minor
                analysis
                bear
                atmosphere
                conceive
                mail carrier
                exclusive
                script
                hostility
                bar
                even
                breast
                exempt
                seed
                ostracize
                investment
                ritual
                determine
                civilian
                ceiling
                sand
                domination
                judicial
                crew
                cable
                rescue
                multimedia
                range
                development
                explode
                economist
                dream
                relationship
                routine
                employee
                explain
                excuse
                harsh
                marketing
                dangerous
                producer
                reject
                legislation
                taste
                gem
                misery
                deficiency
                drift
                digress
                catch
                ex
                suppress
                salesperson
                astonishing
                short
                credit
                soak
                mood
                copyright
                compensation
                rule
                lawyer
                research
                AIDS
                miserable
                lion
                braid
                surface
                incident
                rock
                cheque
                contemporary
                freshman
                warrant
                riot
                charismatic
                wash
                crevice
                toast
                original
                layout
                control
                weigh
                preoccupation
                rainbow
                television
                officer
                stunning
                argument
                dive
                inappropriate
                explosion
                basic
                pocket
                carrot
                costume
                commemorate
                willpower
                chemistry
                summary
                election
                blank
                deteriorate
                magnitude
                temporary
                enjoy
                sustain
                waiter
                related
                fair
                unit
                flour
                remedy
                number
                worry
                clock
                address
                magnetic
                crutch
                credibility
                application
                nest
                pierce
                reach
                beautiful
                failure
                queen
                guess
                joystick
                nervous
                eagle
                discrimination
                maximum
                oil
                science
                rain
                instruction
                spell
                conservative
                resignation
                forestry
                wing
                sheet
                tank
                blind
                equal
                stroll
                release
                line
                stock
                profit
                sink
                chimpanzee
                particular
                exposure
                trance
                dictionary
                host
                dictate
                rush
                impound
                recover
                mark
                trial
                wheat
                grandmother
                chew
                deputy
                effect
                solid
                corner
                act
                sense
                game
                secular
                pyramid
                X-ray
                sodium
                tiger
                knee
                drag
                tidy
                fashionable
                morale
                shatter
                parallel
                nerve
                month
                rubbish
                insist
                say
                likely
                coverage
                deliver
                investigation
                spokesperson
                gradient
                veteran
                discount
                cheek
                quarter
                ball
                page
                imperial
                momentum
                justice
                rotate
                breeze
                affair
                thinker
                rifle
                federation
                collect
                shift
                revolution
                trap
                camera
                star
                suffer
                policeman
                fraud
                autonomy
                premature
                closed
                missile
                chop
                shine
                know
                rugby
                supplementary
                declaration
                field
                division
                suit
                quality
                economic
                benefit
                venture
                repeat
                fragrant
                value
                fruit
                favorable
                terminal
                omission
                broken
                refund
                permission
                obese
                stable
                appendix
                sticky
                desk
                treasurer
                provoke
                hide
                debut
                bus
                drain
                texture
                gaffe
                swallow
                tree
                rub
                broccoli
                solo
                ladder
                compose
                area
                drill
                radical
                arch
                aisle
                ego
                distant
                sunshine
                care
                pavement
                sight
                night
                guest
                resort
                record
                drama
                yearn
                helicopter
                army
                difficult
                lip
                architect
                gold
                screen
                absorption
                count
                court
                push
                quota
                offer
                jurisdiction
                quantity
                dragon
                punish
                reader
                revive
                exemption
                color-blind
                wilderness
                twitch
                herd
                brave
                design
                draw
                want
                principle
                player
                mole
                articulate
                exclude
                present
                directory
                slime
                dependence
                pattern
                float
                tax
                club
                barrier
                smooth
                rumor
                layer
                use
                graphic
                midnight
                undertake
                suburb
                scrap
                snow
                regret
                show
                point
                resist
                wrap
                ditch
                psychology
                rotten
                patent
                courtship
                ethnic
                export
                digital
                troop
                fluctuation
                scatter
                mist
                feed
                charter
                banish
                lily
                finger
                infinite
                curtain
                cooperative
                crown
                convulsion
                virgin
                profound
                attract
                wreck
                counter
                thesis
                stick
                black
                reduce
                overeat
                pay
                core
                cattle
                dimension
                war
                acute
                meadow
                tropical
                obscure
                parameter
                estimate
                experienced
                precedent
                wall
                run
                kitchen
                grandfather
                detail
                major
                galaxy
                unlawful
                pile
                commitment
                stuff
                slap
                finished
                primary
                accessible
                eye
                exchange
                peanut
                impulse
                personal
                museum
                appeal
                bake
                doubt
                dollar
                endorse
                realism
                burn
                tire
                appoint
                module
                champion
                socialist
                eaux
                instinct
                weak
                compete
                congress
                imposter
                coincidence
                academy
                dominant
                build
                read
                stitch
                polish
                choke
                old
                throat
                angle
                coup
                support
                monstrous
                leg
                spot
                window
                surgeon
                guilt
                ecstasy
                examination
                unpleasant
                turkey
                trouser
                enthusiasm
                mosaic
                association
                figure
                thick
                genuine
                due
                trivial
                guerrilla
                equip
                public
                response
                write
                radiation
                advertising
                word
                strategic
                clay
                authorise
                gas
                grass
                wire
                scenario
                trench
                chord
                disability
                allow
                excavate
                instrument
                roar
                ghostwriter
                loan
                sick
                shy
                absence
                laundry
                calm
                flow
                chaos
                breed
                spit
                essay
                prison
                cassette
                morsel
                earthflax
                means
                tablet
                settlement
                jaw
                lighter
                pat
                first
                bill
                ridge
                eat
                bell
                split
                mourning
                landscape
                cycle
                size
                craftsman
                check
                serious
                prestige
                beef
                humor
                prosper
                symbol
                trainer
                assignment
                breathe
                defeat
                transition
                foot
                perceive
                conference
                bullet
                raid
                effort
                drive
                bomb
                receipt
                discriminate
                channel
                wolf
                celebration
                start
                cash
                lean
                balance
                freighter
                wheel
                poetry
                horn
                sermon
                ideal
                arrest
                seem
                advantage
                follow
                agriculture
                sequence
                snail
                distance
                favourite
                environmental
                prayer
                memory
                biography
                elapse
                cottage
                variation
                circle
                expression
                recruit
                worth
                econobox
                comfort
                union
                foster
                code
                scramble
                tumble
                restaurant
                lemon
                wound
                hand
                consider
                beneficiary
                knowledge
                forward
                sentence
                boy
                fool
                return
                displace
                knife
                aunt
                looting
                woman
                node
                essential
                friend
                transform
                intelligence
                transmission
                composer
                whole
                rung
                free
                wrist
                plant
                criticism
                foreigner
                king
                answer
                printer
                factor
                arrogant
                delete
                wonder
                perception
                factory
                dismissal
                swop
                bare
                brick
                funeral
                evening
                introduce
                door
                truth
                position
                equinox
                crack
                treat
                planet
                card
                fly
                innocent
                stomach
                sigh
                responsible
                art
                fame
                offender
                apple
                straighten
                suite
                earthwax
                treatment
                flat
                sweater
                menu
                accompany
                pride
                remember
                fibre
                story
                lesson
                rob
                colon
                friendly
                banana
                opera
                attractive
                leader
                seasonal
                alarm
                forest
                lung
                romantic
                tradition
                vat
                enemy
                call
                strong
                compromise
                disappoint
                absolute
                baseball
                whisper
                harass
                paper
                harbor
                poison
                singer
                potential
                left
                lineage
                reserve
                difference
                tournament
                exception
                girl
                marsh
                ignorant
                expenditure
                hope
                competence
                promotion
                master
                time
                progress
                conflict
                auditor
                red
                unanimous
                ear
                predator
                opposite
                reign
                heroin
                incongruous
                necklace
                frame
                dare
                chauvinist
                dinner
                gain
                parachute
                quest
                conspiracy
                winter
                loud
                meat
                Mars
                approach
                memorial
                doctor
                generation
                adoption
                display
                specimen
                content
                term
                silk
                incapable
                slide
                poor
                fragment
                censorship
                define
                tap
                fantasy
                talkative
                haircut
                undermine
                problem
                degree
                video
                can
                seminar
                mix
                execution
                carriage
                deter
                gradual
                captivate
                decisive
                trolley
                lead
                financial
                abundant
                fashion
                ferry
                freight
                banner
                pumpkin
                hunting
                flu
                agree
                folk music
                ambition
                march
                property
                tin
                refuse
                pawn
                revolutionary
                prevent
                please
                wave
                drop
                triangle
                designer
                beam
                ant
                budget
                move
                log
                density
                knot
                age
                axis
                liver
                era
                location
                disorder
                threat
                diamond
                human body
                gap
                contrast
                teenager
                attachment
                nature
                train
                narrow
                urge
                jest
                disco
                donor
                save
                recognize
                manual
                abuse
                pitch
                insistence
                general
                queue
                latest
                highlight
                casualty
                cabinet
                slogan
                constitution
                steam
                dozen
                formula
                hospital
                negotiation
                cell
                laborer
                rank
                initiative
                joke
                bronze
                ignite
                freedom
                deserve
                handicap
                tolerate
                password
                occupation
                valid
                fat
                abstract
                proportion
                clique
                pot
                anticipation
                student
                plastic
                upset
                clothes
                fix
                photocopy
                request
                debate
                respect
                sunrise
                squeeze
                sweat
                childish
                poll
                admission
                restoration
                accident
                greeting
                aloof
                telephone
                morning
                disk
                path
                business
                cluster
                awful
                result
                scale
                discuss
                confrontation
                fade
                cause
                posture
                confront
                version
                hover
                suggest
                mobile
                threshold
                end
                jealous
                ribbon
                south
                joint
                achievement
                coalition
                reality
                park
                contrary
                fitness
                shave
                behead
                cave
                journal
                trust
                storage
                cooperation
                studio
                grind
                convention
                reception
                volcano
                conversation
                concert
                hypothesis
                youth
                damn
                fiction
                coffin
                pan
                commission
                novel
                experiment
                competition
                finish
                dash
                introduction
                appetite
                management
                offend
                trunk
                fling
                ride
                presentation
                robot
                trick
                modernize
                suspect
                observation
                soft
                lost
                throw
                initial
                performance
                claim
                provide
                crisis
                glow
                medicine
                table
                contempt
                thumb
                computing
                rehabilitation
                freckle
                portrait
                cheat
                orange
                assessment
                cook
                part
                peace
                inspire
                charity
                slip
                researcher
                rape
                section
                folklore
                needle
                bold
                garbage
                feeling
                nose
                commerce
                adopt
                foundation
                maid
                dorm
                episode
                diagram
                organ
                suitcase
                mask
                grain
                heavy
                install
                neighbour
                blame
                agony
                conviction
                context
                tray
                dignity
                mutter
                drawing
                final
                approval
                marble
                switch
                formulate
                waist
                payment
                pressure
                delicate
                worker
                minor
                analysis
                bear
                atmosphere
                conceive
                mail carrier
                exclusive
                script
                hostility
                bar
                even
                breast
                exempt
                seed
                ostracize
                investment
                ritual
                determine
                civilian
                ceiling
                sand
                domination
                judicial
                crew
                cable
                rescue
                multimedia
                range
                development
                explode
                economist
                dream
                relationship
                routine
                employee
                explain
                excuse
                harsh
                marketing
                dangerous
                producer
                reject
                legislation
                taste
                gem
                misery
                deficiency
                drift
                digress
                catch
                ex
                suppress
                salesperson
                astonishing
                short
                credit
                soak
                mood
                copyright
                compensation
                rule
                lawyer
                research
                AIDS
                miserable
                lion
                braid
                surface
                incident
                rock
                cheque
                contemporary
                freshman
                warrant
                riot
                charismatic
                wash
                crevice
                toast
                original
                layout
                control
                weigh
                preoccupation
                rainbow
                television
                officer
                stunning
                argument
                dive
                inappropriate
                explosion
                basic
                pocket
                carrot
                costume
                commemorate
                willpower
                chemistry
                summary
                election
                blank
                deteriorate
                magnitude
                temporary
                enjoy
                sustain
                waiter
                related
                fair
                unit
                flour
                remedy
                number
                worry
                clock
                address
                magnetic
                crutch
                credibility
                application
                nest
                pierce
                reach
                beautiful
                failure
                queen
                guess
                joystick
                nervous
                eagle
                discrimination
                maximum
                oil
                science
                rain
                instruction
                spell
                conservative
                resignation
                forestry
                wing
                sheet
                tank
                blind
                equal
                stroll
                release
                line
                stock
                profit
                sink
                chimpanzee
                particular
                exposure
                trance
                dictionary
                host
                dictate
                rush
                impound
                recover
                mark
                trial
                wheat
                grandmother
                chew
                deputy
                effect
                solid
                corner
                act
                sense
                game
                secular
                pyramid
                X-ray
                sodium
                tiger
                knee
                drag
                tidy
                fashionable
                morale
                shatter
                parallel
                nerve
                month
                rubbish
                insist
                say
                likely
                coverage
                deliver
                investigation
                spokesperson
                gradient
                veteran
                discount
                cheek
                quarter
                ball
                page
                imperial
                momentum
                justice
                rotate
                breeze
                affair
                thinker
                rifle
                federation
                collect
                shift
                revolution
                trap
                camera
                star
                suffer
                policeman
                fraud
                autonomy
                premature
                closed
                missile
                chop
                shine
                know
                rugby
                supplementary
                declaration
                field
                division
                suit
                quality
                economic
                benefit
                venture
                repeat
                fragrant
                value
                fruit
                favorable
                terminal
                omission
                broken
                refund
                permission
                obese
                stable
                appendix
                sticky
                desk
                treasurer
                provoke
                hide
                debut
                bus
                drain
                texture
                gaffe
                swallow
                tree
                rub
                broccoli
                solo
                ladder
                compose
                area
                drill
                radical
                arch
                aisle
                ego
                distant
                sunshine
                care
                pavement
                sight
                night
                guest
                resort
                record
                drama
                yearn
                helicopter
                army
                difficult
                lip
                architect
                gold
                screen
                absorption
                count
                court
                push
                quota
                offer
                jurisdiction
                quantity
                dragon
                punish
                reader
                revive
                exemption
                color-blind
                wilderness
                twitch
                herd
                brave
                design
                draw
                want
                principle
                player
                mole
                articulate
                exclude
                present
                directory
                slime
                dependence
                pattern
                float
                tax
                club
                barrier
                smooth
                rumor
                layer
                use
                graphic
                midnight
                undertake
                suburb
                scrap
                snow
                regret
                show
                point
                resist
                wrap
                ditch
                psychology
                rotten
                patent
                courtship
                ethnic
                export
                digital
                troop
                fluctuation
                scatter
                mist
                feed
                charter
                banish
                lily
                finger
                infinite
                curtain
                cooperative
                crown
                convulsion
                virgin
                profound
                attract
                wreck
                counter
                thesis
                stick
                black
                reduce
                overeat
                pay
                core
                cattle
                dimension
                war
                acute
                meadow
                tropical
                obscure
                parameter
                estimate
                experienced
                precedent
                wall
                run
                kitchen
                grandfather
                detail
                major
                galaxy
                unlawful
                pile
                commitment
                stuff
                slap
                finished
                primary
                accessible
                eye
                exchange
                peanut
                impulse
                personal
                museum
                appeal
                bake
                doubt
                dollar
                endorse
                realism
                burn
                tire
                appoint
                module
                champion
                socialist
                eaux
                instinct
                weak
                compete
                congress
                imposter
                coincidence
                academy
                dominant
                build
                read
                stitch
                polish
                choke
                old
                throat
                angle
                coup
                support
                monstrous
                leg
                spot
                window
                surgeon
                guilt
                ecstasy
                examination
                unpleasant
                turkey
                trouser
                enthusiasm
                mosaic
                association
                figure
                thick
                genuine
                due
                trivial
                guerrilla
                equip
                public
                response
                write
                radiation
                advertising
                word
                strategic
                clay
                authorise
                gas
                grass
                wire
                scenario
                trench
                chord
                disability
                allow
                excavate
                instrument
                roar
                ghostwriter
                loan
                sick
                shy
                absence
                laundry
                calm
                flow
                chaos
                breed
                spit
                essay
                prison
                cassette
                morsel
                earthflax
                means
                tablet
                settlement
                jaw
                lighter
                pat
                first
                bill
                ridge
                eat
                bell
                split
                mourning
                landscape
                cycle
                size
                craftsman
                check
                serious
                prestige
                beef
                humor
                prosper
                symbol
                trainer
                assignment
                breathe
                defeat
                transition
                foot
                perceive
                conference
                bullet
                raid
                effort
                drive
                bomb
                receipt
                discriminate
                channel
                wolf
                celebration
                start
                cash
                lean
                balance
                freighter
                wheel
                poetry
                horn
                sermon
                ideal
                arrest
                seem
                advantage
                follow
                agriculture
                sequence
                snail
                distance
                favourite
                environmental
                prayer
                memory
                biography
                elapse
                cottage
                variation
                circle
                expression
                recruit
                worth
                econobox
                comfort
                union
                foster
                code
                scramble
                tumble
                restaurant
                lemon
                wound
                hand
                consider
                beneficiary
                knowledge
                forward
                sentence
                boy
                fool
                return
                displace
                knife
                aunt
                looting
                woman
                node
                essential
                friend
                transform
                intelligence
                transmission
                composer
                whole
                rung
                free
                wrist
                plant
                criticism
                foreigner
                king
                answer
                printer
                factor
                arrogant
                delete
                wonder
                perception
                factory
                dismissal
                swop
                bare
                brick
                funeral
                evening
                introduce
                door
                truth
                position
                equinox
                crack
                treat
                planet
                card
                fly
                innocent
                stomach
                sigh
                responsible
                art
                fame
                offender
                apple
                straighten
                suite
                earthwax
                treatment
                flat
                sweater
                menu
                accompany
                pride
                remember
                fibre
                story
                lesson
                rob
                colon
                friendly
                banana
                opera
                attractive
                leader
                seasonal
                alarm
                forest
                lung
                romantic
                tradition
                vat
                enemy
                call
                strong
                compromise
                disappoint
                absolute
                baseball
                whisper
                harass
                paper
                harbor
                poison
                singer
                potential
                left
                lineage
                reserve
                difference
                tournament
                exception
                girl
                marsh
                ignorant
                expenditure
                hope
                competence
                promotion
                master
                time
                progress
                conflict
                auditor
                red
                unanimous
                ear
                predator
                opposite
                reign
                heroin
                incongruous
                necklace
                frame
                dare
                chauvinist
                dinner
                gain
                parachute
                quest
                conspiracy
                winter
                loud
                meat
                Mars
                approach
                memorial
                doctor
                generation
                adoption
                display
                specimen
                content
                term
                silk
                incapable
                slide
                poor
                fragment
                censorship
                define
                tap
                fantasy
                talkative
                haircut
                undermine
                problem
                degree
                video
                can
                seminar
                mix
                execution
                carriage
                deter
                gradual
                captivate
                decisive
                trolley
                lead
                financial
                abundant
                fashion
                ferry
                freight
                banner
                pumpkin
                hunting
                flu
                agree
                folk music
                ambition
                march
                property
                tin
                refuse
                pawn
                revolutionary
                prevent
                please
                wave
                drop
                triangle
                designer
                beam
                ant
                budget
                move
                log
                density
                knot
                age
                axis
                liver
                era
                location
                disorder
                threat
                diamond
                human body
                gap
                contrast
                teenager
                attachment
                nature
                train
                narrow
                urge
                jest
                disco
                donor
                save
                recognize
                manual
                abuse
                pitch
                insistence
                general
                queue
                latest
                highlight
                casualty
                cabinet
                slogan
                constitution
                steam
                dozen
                formula
                hospital
                negotiation
                cell
                laborer
                rank
                initiative
                joke
                bronze
                ignite
                freedom
                deserve
                handicap
                tolerate
                password
                occupation
                valid
                fat
                abstract
                proportion
                clique
                pot
                anticipation
                student
                plastic
                upset
                clothes
                fix
                photocopy
                request
                debate
                respect
                sunrise
                squeeze
                sweat
                childish
                polladmission
                restoration
                accident
                greeting
                aloof
                telephone
                morning
                disk
                path
                business
                cluster
                awful
                result
                scale
                discuss
                confrontation
                fade
                cause
                posture
                confront
                version
                hover
                suggest
                mobile
                threshold
                end
                jealous
                ribbon
                south
                joint
                achievement
                coalition
                reality
                park
                contrary
                fitness
                shave
                behead
                cave
                journal
                trust
                storage
                cooperation
                studio
                grind
                convention
                reception
                volcano
                conversation
                concert
                hypothesis
                youth
                damn
                fiction
                coffin
                pan
                commission
                novel
                experiment
                competition
                finish
                dash
                introduction
                appetite
                management
                offend
                trunk
                fling
                ride
                presentation
                robot
                trick
                modernize
                suspect
                observation
                soft
                lost
                throw
                initial
                performance
                claim
                provide
                crisis
                glow
                medicine
                table
                contempt
                thumb
                computing
                rehabilitation
                freckle
                portrait
                cheat
                orange
                assessment
                cook
                part
                peace
                inspire
                charity
                slip
                researcher
                rape
                section
                folklore
                needle
                bold
                garbage
                feeling
                nose
                commerce
                adopt
                foundation
                maid
                dorm
                episode
                diagram
                organ
                suitcase
                mask
                grain
                heavy
                install
                neighbour
                blame
                agony
                conviction
                context
                tray
                dignity
                mutter
                drawing
                final
                approval
                marble
                switch
                formulate
                waist
                payment
                pressure
                delicate
                worker
                minor
                analysis
                bear
                atmosphere
                conceive
                mail carrier
                exclusive
                script
                hostility
                bar
                even
                breast
                exempt
                seed
                ostracize
                investment
                ritual
                determine
                civilian
                ceiling
                sand
                domination
                judicial
                crew
                cable
                rescue
                multimedia
                range
                development
                explode
                economist
                dream
                relationship
                routine
                employee
                explain
                excuse
                harsh
                marketing
                dangerous
                producer
                reject
                legislation
                taste
                gem
                misery
                deficiency
                drift
                digress
                catch
                ex
                suppress
                salesperson
                astonishing
                short
                credit
                soak
                mood
                copyright
                compensation
                rule
                lawyer
                research
                AIDS
                miserable
                lion
                braid
                surface
                incident
                rock
                cheque
                contemporary
                freshman
                warrant
                riot
                charismatic
                wash
                crevice
                toast
                original
                layout
                control
                weigh
                preoccupation
                rainbow
                television
                officer
                stunning
                argument
                dive
                inappropriate
                explosion
                basic
                pocket
                carrot
                costume
                commemorate
                willpower
                chemistry
                summary
                election
                blank
                deteriorate
                magnitude
                temporary
                enjoy
                sustain
                waiter
                related
                fair
                unit
                flour
                remedy
                number
                worry
                clock
                address
                magnetic
                crutch
                credibility
                application
                nest
                pierce
                reach
                beautiful
                failure
                queen
                guess
                joystick
                nervous
                eagle
                discrimination
                maximum
                oil
                science
                rain
                instruction
                spell
                conservative
                resignation
                forestry
                wing
                sheet
                tank
                blind
                equal
                stroll
                release
                line
                stock
                profit
                sink
                chimpanzee
                particular
                exposure
                trance
                dictionary
                host
                dictate
                rush
                impound
                recover
                mark
                trial
                wheat
                grandmother
                chew
                deputy
                effect
                solid
                corner
                act
                sense
                game
                secular
                pyramid
                X-ray
                sodium
                tiger
                knee
                drag
                tidy
                fashionable
                morale
                shatter
                parallel
                nerve
                month
                rubbish
                insist
                say
                likely
                coverage
                deliver
                investigation
                spokesperson
                gradient
                veteran
                discount
                cheek
                quarter
                ball
                page
                imperial
                momentum
                justice
                rotate
                breeze
                affair
                thinker
                rifle
                federation
                collect
                shift
                revolution
                trap
                camera
                star
                suffer
                policeman
                fraud
                autonomy
                premature
                closed
                missile
                chop
                shine
                know
                rugby
                supplementary
                declaration
                field
                division
                suit
                quality
                economic
                benefit
                venture
                repeat
                fragrant
                value
                fruit
                favorable
                terminal
                omission
                broken
                refund
                permission
                obese
                stable
                appendix
                sticky
                desk
                treasurer
                provoke
                hide
                debut
                bus
                drain
                texture
                gaffe
                swallow
                tree
                rub
                broccoli
                solo
                ladder
                compose
                area
                drill
                radical
                arch
                aisle
                ego
                distant
                sunshine
                care
                pavement
                sight
                night
                guest
                resort
                record
                drama
                yearn
                helicopter
                army
                difficult
                lip
                architect
                gold
                screen
                absorption
                count
                court
                push
                quota
                offer
                jurisdiction
                quantity
                dragon
                punish
                reader
                revive
                exemption
                color-blind
                wilderness
                twitch
                herd
                brave
                design
                draw
                want
                principle
                player
                mole
                articulate
                exclude
                present
                directory
                slime
                dependence
                pattern
                float
                tax
                club
                barrier
                smooth
                rumor
                layer
                use
                graphic
                midnight
                undertake
                suburb
                scrap
                snow
                regret
                show
                point
                resist
                wrap
                ditch
                psychology
                rotten
                patent
                courtship
                ethnic
                export
                digital
                troop
                fluctuation
                scatter
                mist
                feed
                charter
                banish
                lily
                finger
                infinite
                curtain
                cooperative
                crown
                convulsion
                virgin
                profound
                attract
                wreck
                counter
                thesis
                stick
                black
                reduce
                overeat
                pay
                core
                cattle
                dimension
                war
                acute
                meadow
                tropical
                obscure
                parameter
                estimate
                experienced
                precedent
                wall
                run
                kitchen
                grandfather
                detail
                major
                galaxy
                unlawful
                pile
                commitment
                stuff
                slap
                finished
                primary
                accessible
                eye
                exchange
                peanut
                impulse
                personal
                museum
                appeal
                bake
                doubt
                dollar
                endorse
                realism
                burn
                tire
                appoint
                module
                champion
                socialist
                eaux
                instinct
                weak
                compete
                congress
                imposter
                coincidence
                academy
                dominant
                build
                read
                stitch
                polish
                choke
                old
                throat
                angle
                coup
                support
                monstrous
                leg
                spot
                window
                surgeon
                guilt
                ecstasy
                examination
                unpleasant
                turkey
                trouser
                enthusiasm
                mosaic
                association
                figure
                thick
                genuine
                due
                trivial
                guerrilla
                equip
                public
                response
                write
                radiation
                advertising
                word
                strategic
                clay
                authorise
                gas
                grass
                wire
                scenario
                trench
                chord
                disability
                allow
                excavate
                instrument
                roar
                ghostwriter
                loan
                sick
                shy
                absence
                laundry
                calm
                flow
                chaos
                breed
                spit
                essay
                prison
                cassette
                morsel
                earthflax
                means
                tablet
                settlement
                jaw
                lighter
                pat
                first
                bill
                ridge
                eat
                bell
                split
                mourning
                landscape
                cycle
                size
                craftsman
                check
                serious
                prestige
                beef
                humor
                prosper
                symbol
                trainer
                assignment
                breathe
                defeat
                transition
                foot
                perceive
                conference
                bullet
                raid
                effort
                drive
                bomb
                receipt
                discriminate
                channel
                wolf
                celebration
                start
                cash
                lean
                balance
                freighter
                wheel
                poetry
                horn
                sermon
                ideal
                arrest
                seem
                advantage
                follow
                agriculture
                sequence
                snail
                distance
                favourite
                environmental
                prayer
                memory
                biography
                elapse
                cottage
                variation
                circle
                expression
                recruit
                worth
                econobox
                comfort
                union
                foster
                code
                scramble
                tumble
                restaurant
                lemon
                wound
                hand
                consider
                beneficiary
                knowledge
                forward
                sentence
                boy
                fool
                return
                displace
                knife
                aunt
                looting
                woman
                node
                essential
                friend
                transform
                intelligence
                transmission
                composer
                whole
                rung
                free
                wrist
                plant
                criticism
                foreigner
                king
                answer
                printer
                factor
                arrogant
                delete
                wonder
                perception
                factory
                dismissal
                swop
                bare
                brick
                funeral
                evening
                introduce
                door
                truth
                position
                equinox
                crack
                treat
                planet
                card
                fly
                innocent
                stomach
                sigh
                responsible
                art
                fame
                offender
                apple
                straighten
                suite
                earthwax
                treatment
                flat
                sweater
                menu
                accompany
                pride
                remember
                fibre
                story
                lesson
                rob
                colon
                friendly
                banana
                opera
                attractive
                leader
                seasonal
                alarm
                forest
                lung
                romantic
                tradition
                vat
                enemy
                call
                strong
                compromise
                disappoint
                absolute
                baseball
                whisper
                harass
                paper
                harbor
                poison
                singer
                potential
                left
                lineage
                reserve
                difference
                tournament
                exception
                girl
                marsh
                ignorant
                expenditure
                hope
                competence
                promotion
                master
                time
                progress
                conflict
                auditor
                red
                unanimous
                ear
                predator
                opposite
                reign
                heroin
                incongruous
                necklace
                frame
                dare
                chauvinist
                dinner
                gain
                parachute
                quest
                conspiracy
                winter
                loud
                meat
                Mars
                approach
                memorial
                doctor
                generation
                adoption
                display
                specimen
                content
                term
                silk
                incapable
                slide
                poor
                fragment
                censorship
                define
                tap
                fantasy
                talkative
                haircut
                undermine
                problem
                degree
                video
                can
                seminar
                mix
                execution
                carriage
                deter
                gradual
                captivate
                decisive
                trolley
                lead
                financial
                abundant
                fashion
                ferry
                freight
                banner
                pumpkin
                hunting
                flu
                agree
                folk music
                ambition
                march
                property
                tin
                refuse
                pawn
                revolutionary
                prevent
                please
                wave
                drop
                triangle
                designer
                beam
                ant
                budget
                move
                log
                density
                knot
                age
                axis
                liver
                era
                location
                disorder
                threat
                diamond
                human body
                gap
                contrast
                teenager
                attachment
                nature
                train
                narrow
                urge
                jest
                disco
                donor
                save
                recognize
                manual
                abuse
                pitch
                insistence
                general
                queue
                latest
                highlight
                casualty
                cabinet
                slogan
                constitution
                steam
                dozen
                formula
                hospital
                negotiation
                cell
                laborer
                rank
                initiative
                joke
                bronze
                ignite
                freedom
                deserve
                handicap
                tolerate
                password
                occupation
                valid
                fat
                abstract
                proportion
                clique
                pot
                anticipation
                student
                plastic
                upset
                clothes
                fix
                photocopy
                request
                debate
                respect
                sunrise
                squeeze
                sweat
                childish
                poll
                admission
                restoration
                accident
                greeting
                aloof
                telephone
                morning
                disk
                path
                business
                cluster
                awful
                result
                scale
                discuss
                confrontation
                fade
                cause
                posture
                confront
                version
                hover
                suggest
                mobile
                threshold
                end
                jealous
                ribbon
                south
                joint
                achievement
                coalition
                reality
                park
                contrary
                fitness
                shave
                behead
                cave
                journal
                trust
                storage
                cooperation
                studio
                grind
                convention
                reception
                volcano
                conversation
                concert
                hypothesis
                youth
                damn
                fiction
                coffin
                pan
                commission
                novel
                experiment
                competition
                finish
                dash
                introduction
                appetite
                management
                offend
                trunk
                fling
                ride
                presentation
                robot
                trick
                modernize
                suspect
                observation
                soft
                lost
                throw
                initial
                performance
                claim
                provide
                crisis
                glow
                medicine
                table
                contempt
                thumb
                computing
                rehabilitation
                freckle
                portrait
                cheat
                orange
                assessment
                cook
                part
                peace
                inspire
                charity
                slip
                researcher
                rape
                section
                folklore
                needle
                bold
                garbage
                feeling
                nose
                commerce
                adopt
                foundation
                maid
                dorm
                episode
                diagram
                organ
                suitcase
                mask
                grain
                heavy
                install
                neighbour
                blame
                agony
                conviction
                context
                tray
                dignity
                mutter
                drawing
                final
                approval
                marble
                switch
                formulate
                waist
                payment
                pressure
                delicate
                worker
                minor
                analysis
                bear
                atmosphere
                conceive
                mail carrier
                exclusive
                script
                hostility
                bar
                even
                breast
                exempt
                seed
                ostracize
                investment
                ritual
                determine
                civilian
                ceiling
                sand
                domination
                judicial
                crew
                cable
                rescue
                multimedia
                range
                development
                explode
                economist
                dream
                relationship
                routine
                employee
                explain
                excuse
                harsh
                marketing
                dangerous
                producer
                reject
                legislation
                taste
                gem
                misery
                deficiency
                drift
                digress
                catch
                ex
                suppress
                salesperson
                astonishing
                short
                credit
                soak
                mood
                copyright
                compensation
                rule
                lawyer
                research
                AIDS
                miserable
                lion
                braid
                surface
                incident
                rock
                cheque
                contemporary
                freshman
                warrant
                riot
                charismatic
                wash
                crevice
                toast
                original
                layout
                control
                weigh
                preoccupation
                rainbow
                television
                officer
                stunning
                argument
                dive
                inappropriate
                explosion
                basic
                pocket
                carrot
                costume
                commemorate
                willpower
                chemistry
                summary
                election
                blank
                deteriorate
                magnitude
                temporary
                enjoy
                sustain
                waiter
                related
                fair
                unit
                flour
                remedy
                number
                worry
                clock
                address
                magnetic
                crutch
                credibility
                application
                nest
                pierce
                reach
                beautiful
                failure
                queen
                guess
                joystick
                nervous
                eagle
                discrimination
                maximum
                oil
                science
                rain
                instruction
                spell
                conservative
                resignation
                forestry
                wing
                sheet
                tank
                blind
                equal
                stroll
                release
                line
                stock
                profit
                sink
                chimpanzee
                particular
                exposure
                trance
                dictionary
                host
                dictate
                rush
                impound
                recover
                mark
                trial
                wheat
                grandmother
                chew
                deputy
                effect
                solid
                corner
                act
                sense
                game
                secular
                pyramid
                X-ray
                sodium
                tiger
                knee
                drag
                tidy
                fashionable
                morale
                shatter
                parallel
                nerve
                month
                rubbish
                insist
                say
                likely
                coverage
                deliver
                investigation
                spokesperson
                gradient
                veteran
                discount
                cheek
                quarter
                ball
                page
                imperial
                momentum
                justice
                rotate
                breeze
                affair
                thinker
                rifle
                federation
                collect
                shift
                revolution
                trap
                camera
                star
                suffer
                policeman
                fraud
                autonomy
                premature
                closed
                missile
                chop
                shine
                know
                rugby
                supplementary
                declaration
                field
                division
                suit
                quality
                economic
                benefit
                venture
                repeat
                fragrant
                value
                fruit
                favorable
                terminal
                omission
                broken
                refund
                permission
                obese
                stable
                appendix
                sticky
                desk
                treasurer
                provoke
                hide
                debut
                bus
                drain
                texture
                gaffe
                swallow
                tree
                rub
                broccoli
                solo
                ladder
                compose
                area
                drill
                radical
                arch
                aisle
                ego
                distant
                sunshine
                care
                pavement
                sight
                night
                guest
                resort
                record
                drama
                yearn
                helicopter
                army
                difficult
                lip
                architect
                gold
                screen
                absorption
                count
                court
                push
                quota
                offer
                jurisdiction
                quantity
                dragon
                punish
                reader
                revive
                exemption
                color-blind
                wilderness
                twitch
                herd
                brave
                design
                draw
                want
                principle
                player
                mole
                articulate
                exclude
                present
                directory
                slime
                dependence
                pattern
                float
                tax
                club
                barrier
                smooth
                rumor
                layer
                use
                graphic
                midnight
                undertake
                suburb
                scrap
                snow
                regret
                show
                point
                resist
                wrap
                ditch
                psychology
                rotten
                patent
                courtship
                ethnic
                export
                digital
                troop
                fluctuation
                scatter
                mist
                feed
                charter
                banish
                lily
                finger
                infinite
                curtain
                cooperative
                crown
                convulsion
                virgin
                profound
                attract
                wreck
                counter
                thesis
                stick
                black
                reduce
                overeat
                pay
                core
                cattle
                dimension
                war
                acute
                meadow
                tropical
                obscure
                parameter
                estimate
                experienced
                precedent
                wall
                run
                kitchen
                grandfather
                detail
                major
                galaxy
                unlawful
                pile
                commitment
                stuff
                slap
                finished
                primary
                accessible
                eye
                exchange
                peanut
                impulse
                personal
                museum
                appeal
                bake
                doubt
                dollar
                endorse
                realism
                burn
                tire
                appoint
                module
                champion
                socialist
                eaux
                instinct
                weak
                compete
                congress
                imposter
                coincidence
                academy
                dominant
                build
                read
                stitch
                polish
                choke
                old
                throat
                angle
                coup
                support
                monstrous
                leg
                spot
                window
                surgeon
                guilt
                ecstasy
                examination
                unpleasant
                turkey
                trouser
                enthusiasm
                mosaic
                association
                figure
                thick
                genuine
                due
                trivial
                guerrilla
                equip
                public
                response
                write
                radiation
                advertising
                word
                strategic
                clay
                authorise
                gas
                grass
                wire
                scenario
                trench
                chord
                disability
                allow
                excavate
                instrument
                roar
                ghostwriter
                loan
                sick
                shy
                absence
                laundry
                calm
                flow
                chaos
                breed
                spit
                essay
                prison
                cassette
                morsel
                earthflax
                means
                tablet
                settlement
                jaw
                lighter
                pat
                first
                bill
                ridge
                eat
                bell
                split
                mourning
                landscape
                cycle
                size
                craftsman
                check
                serious
                prestige
                beef
                humor
                prosper
                symbol
                trainer
                assignment
                breathe
                defeat
                transition
                foot
                perceive
                conference
                bullet
                raid
                effort
                drive
                bomb
                receipt
                discriminate
                channel
                wolf
                celebration
                start
                cash
                lean
                balance
                freighter
                wheel
                poetry
                horn
                sermon
                ideal
                arrest
                seem
                advantage
                follow
                agriculture
                sequence
                snail
                distance
                favourite
                environmental
                prayer
                memory
                biography
                elapse
                cottage
                variation
                circle
                expression
                recruit
                worth
                econobox
                comfort
                union
                foster
                code
                scramble
                tumble
                restaurant
                lemon
                wound
                hand
                consider
                beneficiary
                knowledge
                forward
                sentence
                boy
                fool
                return
                displace
                knife
                aunt
                looting
                woman
                node
                essential
                friend
                transform
                intelligence
                transmission
                composer
                whole
                rung
                free
                wrist
                plant
                criticism
                foreigner
                king
                answer
                printer
                factor
                arrogant
                delete
                wonder
                perception
                factory
                dismissal
                swop
                bare
                brick
                funeral
                evening
                introduce
                door
                truth
                position
                equinox
                crack
                treat
                planet
                card
                fly
                innocent
                stomach
                sigh
                responsible
                art
                fame
                offender
                apple
                straighten
                suite
                earthwax
                treatment
                flat
                sweater
                menu
                accompany
                pride
                remember
                fibre
                story
                lesson
                rob
                colon
                friendly
                banana
                opera
                attractive
                leader
                seasonal
                alarm
                forest
                lung
                romantic
                tradition
                vat
                enemy
                call
                strong
                compromise
                disappoint
                absolute
                baseball
                whisper
                harass
                paper
                harbor
                poison
                singer
                potential
                left
                lineage
                reserve
                difference
                tournament
                exception
                girl
                marsh
                ignorant
                expenditure
                hope
                competence
                promotion
                master
                time
                progress
                conflict
                auditor
                red
                unanimous
                ear
                predator
                opposite
                reign
                heroin
                incongruous
                necklace
                frame
                dare
                chauvinist
                dinner
                gain
                parachute
                quest
                conspiracy
                winter
                loud
                meat
                Mars
                approach
                memorial
                doctor
                generation
                adoption
                display
                specimen
                content
                term
                silk
                incapable
                slide
                poor
                fragment
                censorship
                define
                tap
                fantasy
                talkative
                haircut
                undermine
                problem
                degree
                video
                can
                seminar
                mix
                execution
                carriage
                deter
                gradual
                captivate
                decisive
                trolley
                lead
                financial
                abundant
                fashion
                ferry
                freight
                banner
                pumpkin
                hunting
                flu
                agree
                folk music
                ambition
                march
                property
                tin
                refuse
                pawn
                revolutionary
                prevent
                please
                wave
                drop
                triangle
                designer
                beam
                ant
                budget
                move
                log
                density
                knot
                age
                axis
                liver
                era
                location
                disorder
                threat
                diamond
                human body
                gap
                contrast
                teenager
                attachment
                nature
                train
                narrow
                urge
                jest
                disco
                donor
                save
                recognize
                manual
                abuse
                pitch
                insistence
                general
                queue
                latest
                highlight
                casualty
                cabinet
                slogan
                constitution
                steam
                dozen
                formula
                hospital
                negotiation
                cell
                laborer
                rank
                initiative
                joke
                bronze
                ignite
                freedom
                deserve
                handicap
                tolerate
                password
                occupation
                valid
                fat
                abstract
                proportion
                clique
                pot
                anticipation
                student
                plastic
                upset
                clothes
                fix
                photocopy
                request
                debate
                respect
                sunrise
                squeeze
                sweat
                childish
                polladmission
                restoration
                accident
                greeting
                aloof
                telephone
                morning
                disk
                path
                business
                cluster
                awful
                result
                scale
                discuss
                confrontation
                fade
                cause
                posture
                confront
                version
                hover
                suggest
                mobile
                threshold
                end
                jealous
                ribbon
                south
                joint
                achievement
                coalition
                reality
                park
                contrary
                fitness
                shave
                behead
                cave
                journal
                trust
                storage
                cooperation
                studio
                grind
                convention
                reception
                volcano
                conversation
                concert
                hypothesis
                youth
                damn
                fiction
                coffin
                pan
                commission
                novel
                experiment
                competition
                finish
                dash
                introduction
                appetite
                management
                offend
                trunk
                fling
                ride
                presentation
                robot
                trick
                modernize
                suspect
                observation
                soft
                lost
                throw
                initial
                performance
                claim
                provide
                crisis
                glow
                medicine
                table
                contempt
                thumb
                computing
                rehabilitation
                freckle
                portrait
                cheat
                orange
                assessment
                cook
                part
                peace
                inspire
                charity
                slip
                researcher
                rape
                section
                folklore
                needle
                bold
                garbage
                feeling
                nose
                commerce
                adopt
                foundation
                maid
                dorm
                episode
                diagram
                organ
                suitcase
                mask
                grain
                heavy
                install
                neighbour
                blame
                agony
                conviction
                context
                tray
                dignity
                mutter
                drawing
                final
                approval
                marble
                switch
                formulate
                waist
                payment
                pressure
                delicate
                worker
                minor
                analysis
                bear
                atmosphere
                conceive
                mail carrier
                exclusive
                script
                hostility
                bar
                even
                breast
                exempt
                seed
                ostracize
                investment
                ritual
                determine
                civilian
                ceiling
                sand
                domination
                judicial
                crew
                cable
                rescue
                multimedia
                range
                development
                explode
                economist
                dream
                relationship
                routine
                employee
                explain
                excuse
                harsh
                marketing
                dangerous
                producer
                reject
                legislation
                taste
                gem
                misery
                deficiency
                drift
                digress
                catch
                ex
                suppress
                salesperson
                astonishing
                short
                credit
                soak
                mood
                copyright
                compensation
                rule
                lawyer
                research
                AIDS
                miserable
                lion
                braid
                surface
                incident
                rock
                cheque
                contemporary
                freshman
                warrant
                riot
                charismatic
                wash
                crevice
                toast
                original
                layout
                control
                weigh
                preoccupation
                rainbow
                television
                officer
                stunning
                argument
                dive
                inappropriate
                explosion
                basic
                pocket
                carrot
                costume
                commemorate
                willpower
                chemistry
                summary
                election
                blank
                deteriorate
                magnitude
                temporary
                enjoy
                sustain
                waiter
                related
                fair
                unit
                flour
                remedy
                number
                worry
                clock
                address
                magnetic
                crutch
                credibility
                application
                nest
                pierce
                reach
                beautiful
                failure
                queen
                guess
                joystick
                nervous
                eagle
                discrimination
                maximum
                oil
                science
                rain
                instruction
                spell
                conservative
                resignation
                forestry
                wing
                sheet
                tank
                blind
                equal
                stroll
                release
                line
                stock
                profit
                sink
                chimpanzee
                particular
                exposure
                trance
                dictionary
                host
                dictate
                rush
                impound
                recover
                mark
                trial
                wheat
                grandmother
                chew
                deputy
                effect
                solid
                corner
                act
                sense
                game
                secular
                pyramid
                X-ray
                sodium
                tiger
                knee
                drag
                tidy
                fashionable
                morale
                shatter
                parallel
                nerve
                month
                rubbish
                insist
                say
                likely
                coverage
                deliver
                investigation
                spokesperson
                gradient
                veteran
                discount
                cheek
                quarter
                ball
                page
                imperial
                momentum
                justice
                rotate
                breeze
                affair
                thinker
                rifle
                federation
                collect
                shift
                revolution
                trap
                camera
                star
                suffer
                policeman
                fraud
                autonomy
                premature
                closed
                missile
                chop
                shine
                know
                rugby
                supplementary
                declaration
                field
                division
                suit
                quality
                economic
                benefit
                venture
                repeat
                fragrant
                value
                fruit
                favorable
                terminal
                omission
                broken
                refund
                permission
                obese
                stable
                appendix
                sticky
                desk
                treasurer
                provoke
                hide
                debut
                bus
                drain
                texture
                gaffe
                swallow
                tree
                rub
                broccoli
                solo
                ladder
                compose
                area
                drill
                radical
                arch
                aisle
                ego
                distant
                sunshine
                care
                pavement
                sight
                night
                guest
                resort
                record
                drama
                yearn
                helicopter
                army
                difficult
                lip
                architect
                gold
                screen
                absorption
                count
                court
                push
                quota
                offer
                jurisdiction
                quantity
                dragon
                punish
                reader
                revive
                exemption
                color-blind
                wilderness
                twitch
                herd
                brave
                design
                draw
                want
                principle
                player
                mole
                articulate
                exclude
                present
                directory
                slime
                dependence
                pattern
                float
                tax
                club
                barrier
                smooth
                rumor
                layer
                use
                graphic
                midnight
                undertake
                suburb
                scrap
                snow
                regret
                show
                point
                resist
                wrap
                ditch
                psychology
                rotten
                patent
                courtship
                ethnic
                export
                digital
                troop
                fluctuation
                scatter
                mist
                feed
                charter
                banish
                lily
                finger
                infinite
                curtain
                cooperative
                crown
                convulsion
                virgin
                profound
                attract
                wreck
                counter
                thesis
                stick
                black
                reduce
                overeat
                pay
                core
                cattle
                dimension
                war
                acute
                meadow
                tropical
                obscure
                parameter
                estimate
                experienced
                precedent
                wall
                run
                kitchen
                grandfather
                detail
                major
                galaxy
                unlawful
                pile
                commitment
                stuff
                slap
                finished
                primary
                accessible
                eye
                exchange
                peanut
                impulse
                personal
                museum
                appeal
                bake
                doubt
                dollar
                endorse
                realism
                burn
                tire
                appoint
                module
                champion
                socialist
                eaux
                instinct
                weak
                compete
                congress
                imposter
                coincidence
                academy
                dominant
                build
                read
                stitch
                polish
                choke
                old
                throat
                angle
                coup
                support
                monstrous
                leg
                spot
                window
                surgeon
                guilt
                ecstasy
                examination
                unpleasant
                turkey
                trouser
                enthusiasm
                mosaic
                association
                figure
                thick
                genuine
                due
                trivial
                guerrilla
                equip
                public
                response
                write
                radiation
                advertising
                word
                strategic
                clay
                authorise
                gas
                grass
                wire
                scenario
                trench
                chord
                disability
                allow
                excavate
                instrument
                roar
                ghostwriter
                loan
                sick
                shy
                absence
                laundry
                calm
                flow
                chaos
                breed
                spit
                essay
                prison
                cassette
                morsel
                earthflax
                means
                tablet
                settlement
                jaw
                lighter
                pat
                first
                bill
                ridge
                eat
                bell
                split
                mourning
                landscape
                cycle
                size
                craftsman
                check
                serious
                prestige
                beef
                humor
                prosper
                symbol
                trainer
                assignment
                breathe
                defeat
                transition
                foot
                perceive
                conference
                bullet
                raid
                effort
                drive
                bomb
                receipt
                discriminate
                channel
                wolf
                celebration
                start
                cash
                lean
                balance
                freighter
                wheel
                poetry
                horn
                sermon
                ideal
                arrest
                seem
                advantage
                follow
                agriculture
                sequence
                snail
                distance
                favourite
                environmental
                prayer
                memory
                biography
                elapse
                cottage
                variation
                circle
                expression
                recruit
                worth
                econobox
                comfort
                union
                foster
                code
                scramble
                tumble
                restaurant
                lemon
                wound
                hand
                consider
                beneficiary
                knowledge
                forward
                sentence
                boy
                fool
                return
                displace
                knife
                aunt
                looting
                woman
                node
                essential
                friend
                transform
                intelligence
                transmission
                composer
                whole
                rung
                free
                wrist
                plant
                criticism
                foreigner
                king
                answer
                printer
                factor
                arrogant
                delete
                wonder
                perception
                factory
                dismissal
                swop
                bare
                brick
                funeral
                evening
                introduce
                door
                truth
                position
                equinox
                crack
                treat
                planet
                card
                fly
                innocent
                stomach
                sigh
                responsible
                art
                fame
                offender
                apple
                straighten
                suite
                earthwax
                treatment
                flat
                sweater
                menu
                accompany
                pride
                remember
                fibre
                story
                lesson
                rob
                colon
                friendly
                banana
                opera
                attractive
                leader
                seasonal
                alarm
                forest
                lung
                romantic
                tradition
                vat
                enemy
                call
                strong
                compromise
                disappoint
                absolute
                baseball
                whisper
                harass
                paper
                harbor
                poison
                singer
                potential
                left
                lineage
                reserve
                difference
                tournament
                exception
                girl
                marsh
                ignorant
                expenditure
                hope
                competence
                promotion
                master
                time
                progress
                conflict
                auditor
                red
                unanimous
                ear
                predator
                opposite
                reign
                heroin
                incongruous
                necklace
                frame
                dare
                chauvinist
                dinner
                gain
                parachute
                quest
                conspiracy
                winter
                loud
                meat
                Mars
                approach
                memorial
                doctor
                generation
                adoption
                display
                specimen
                content
                term
                silk
                incapable
                slide
                poor
                fragment
                censorship
                define
                tap
                fantasy
                talkative
                haircut
                undermine
                problem
                degree
                video
                can
                seminar
                mix
                execution
                carriage
                deter
                gradual
                captivate
                decisive
                trolley
                lead
                financial
                abundant
                fashion
                ferry
                freight
                banner
                pumpkin
                hunting
                flu
                agree
                folk music
                ambition
                march
                property
                tin
                refuse
                pawn
                revolutionary
                prevent
                please
                wave
                drop
                triangle
                designer
                beam
                ant
                budget
                move
                log
                density
                knot
                age
                axis
                liver
                era
                location
                disorder
                threat
                diamond
                human body
                gap
                contrast
                teenager
                attachment
                nature
                train
                narrow
                urge
                jest
                disco
                donor
                save
                recognize
                manual
                abuse
                pitch
                insistence
                general
                queue
                latest
                highlight
                casualty
                cabinet
                slogan
                constitution
                steam
                dozen
                formula
                hospital
                negotiation
                cell
                laborer
                rank
                initiative
                joke
                bronze
                ignite
                freedom
                deserve
                handicap
                tolerate
                password
                occupation
                valid
                fat
                abstract
                proportion
                clique
                pot
                anticipation
                student
                plastic
                upset
                clothes
                fix
                photocopy
                request
                debate
                respect
                sunrise
                squeeze
                sweat
                childish
                poll
                admission
                restoration
                accident
                greeting
                aloof
                telephone
                morning
                disk
                path
                business
                cluster
                awful
                result
                scale
                discuss
                confrontation
                fade
                cause
                posture
                confront
                version
                hover
                suggest
                mobile
                threshold
                end
                jealous
                ribbon
                south
                joint
                achievement
                coalition
                reality
                park
                contrary
                fitness
                shave
                behead
                cave
                journal
                trust
                storage
                cooperation
                studio
                grind
                convention
                reception
                volcano
                conversation
                concert
                hypothesis
                youth
                damn
                fiction
                coffin
                pan
                commission
                novel
                experiment
                competition
                finish
                dash
                introduction
                appetite
                management
                offend
                trunk
                fling
                ride
                presentation
                robot
                trick
                modernize
                suspect
                observation
                soft
                lost
                throw
                initial
                performance
                claim
                provide
                crisis
                glow
                medicine
                table
                contempt
                thumb
                computing
                rehabilitation
                freckle
                portrait
                cheat
                orange
                assessment
                cook
                part
                peace
                inspire
                charity
                slip
                researcher
                rape
                section
                folklore
                needle
                bold
                garbage
                feeling
                nose
                commerce
                adopt
                foundation
                maid
                dorm
                episode
                diagram
                organ
                suitcase
                mask
                grain
                heavy
                install
                neighbour
                blame
                agony
                conviction
                context
                tray
                dignity
                mutter
                drawing
                final
                approval
                marble
                switch
                formulate
                waist
                payment
                pressure
                delicate
                worker
                minor
                analysis
                bear
                atmosphere
                conceive
                mail carrier
                exclusive
                script
                hostility
                bar
                even
                breast
                exempt
                seed
                ostracize
                investment
                ritual
                determine
                civilian
                ceiling
                sand
                domination
                judicial
                crew
                cable
                rescue
                multimedia
                range
                development
                explode
                economist
                dream
                relationship
                routine
                employee
                explain
                excuse
                harsh
                marketing
                dangerous
                producer
                reject
                legislation
                taste
                gem
                misery
                deficiency
                drift
                digress
                catch
                ex
                suppress
                salesperson
                astonishing
                short
                credit
                soak
                mood
                copyright
                compensation
                rule
                lawyer
                research
                AIDS
                miserable
                lion
                braid
                surface
                incident
                rock
                cheque
                contemporary
                freshman
                warrant
                riot
                charismatic
                wash
                crevice
                toast
                original
                layout
                control
                weigh
                preoccupation
                rainbow
                television
                officer
                stunning
                argument
                dive
                inappropriate
                explosion
                basic
                pocket
                carrot
                costume
                commemorate
                willpower
                chemistry
                summary
                election
                blank
                deteriorate
                magnitude
                temporary
                enjoy
                sustain
                waiter
                related
                fair
                unit
                flour
                remedy
                number
                worry
                clock
                address
                magnetic
                crutch
                credibility
                application
                nest
                pierce
                reach
                beautiful
                failure
                queen
                guess
                joystick
                nervous
                eagle
                discrimination
                maximum
                oil
                science
                rain
                instruction
                spell
                conservative
                resignation
                forestry
                wing
                sheet
                tank
                blind
                equal
                stroll
                release
                line
                stock
                profit
                sink
                chimpanzee
                particular
                exposure
                trance
                dictionary
                host
                dictate
                rush
                impound
                recover
                mark
                trial
                wheat
                grandmother
                chew
                deputy
                effect
                solid
                corner
                act
                sense
                game
                secular
                pyramid
                X-ray
                sodium
                tiger
                knee
                drag
                tidy
                fashionable
                morale
                shatter
                parallel
                nerve
                month
                rubbish
                insist
                say
                likely
                coverage
                deliver
                investigation
                spokesperson
                gradient
                veteran
                discount
                cheek
                quarter
                ball
                page
                imperial
                momentum
                justice
                rotate
                breeze
                affair
                thinker
                rifle
                federation
                collect
                shift
                revolution
                trap
                camera
                star
                suffer
                policeman
                fraud
                autonomy
                premature
                closed
                missile
                chop
                shine
                know
                rugby
                supplementary
                declaration
                field
                division
                suit
                quality
                economic
                benefit
                venture
                repeat
                fragrant
                value
                fruit
                favorable
                terminal
                omission
                broken
                refund
                permission
                obese
                stable
                appendix
                sticky
                desk
                treasurer
                provoke
                hide
                debut
                bus
                drain
                texture
                gaffe
                swallow
                tree
                rub
                broccoli
                solo
                ladder
                compose
                area
                drill
                radical
                arch
                aisle
                ego
                distant
                sunshine
                care
                pavement
                sight
                night
                guest
                resort
                record
                drama
                yearn
                helicopter
                army
                difficult
                lip
                architect
                gold
                screen
                absorption
                count
                court
                push
                quota
                offer
                jurisdiction
                quantity
                dragon
                punish
                reader
                revive
                exemption
                color-blind
                wilderness
                twitch
                herd
                brave
                design
                draw
                want
                principle
                player
                mole
                articulate
                exclude
                present
                directory
                slime
                dependence
                pattern
                float
                tax
                club
                barrier
                smooth
                rumor
                layer
                use
                graphic
                midnight
                undertake
                suburb
                scrap
                snow
                regret
                show
                point
                resist
                wrap
                ditch
                psychology
                rotten
                patent
                courtship
                ethnic
                export
                digital
                troop
                fluctuation
                scatter
                mist
                feed
                charter
                banish
                lily
                finger
                infinite
                curtain
                cooperative
                crown
                convulsion
                virgin
                profound
                attract
                wreck
                counter
                thesis
                stick
                black
                reduce
                overeat
                pay
                core
                cattle
                dimension
                war
                acute
                meadow
                tropical
                obscure
                parameter
                estimate
                experienced
                precedent
                wall
                run
                kitchen
                grandfather
                detail
                major
                galaxy
                unlawful
                pile
                commitment
                stuff
                slap
                finished
                primary
                accessible
                eye
                exchange
                peanut
                impulse
                personal
                museum
                appeal
                bake
                doubt
                dollar
                endorse
                realism
                burn
                tire
                appoint
                module
                champion
                socialist
                eaux
                instinct
                weak
                compete
                congress
                imposter
                coincidence
                academy
                dominant
                build
                read
                stitch
                polish
                choke
                old
                throat
                angle
                coup
                support
                monstrous
                leg
                spot
                window
                surgeon
                guilt
                ecstasy
                examination
                unpleasant
                turkey
                trouser
                enthusiasm
                mosaic
                association
                figure
                thick
                genuine
                due
                trivial
                guerrilla
                equip
                public
                response
                write
                radiation
                advertising
                word
                strategic
                clay
                authorise
                gas
                grass
                wire
                scenario
                trench
                chord
                disability
                allow
                excavate
                instrument
                roar
                ghostwriter
                loan
                sick
                shy
                absence
                laundry
                calm
                flow
                chaos
                breed
                spit
                essay
                prison
                cassette
                morsel
                earthflax
                means
                tablet
                settlement
                jaw
                lighter
                pat
                first
                bill
                ridge
                eat
                bell
                split
                mourning
                landscape
                cycle
                size
                craftsman
                check
                serious
                prestige
                beef
                humor
                prosper
                symbol
                trainer
                assignment
                breathe
                defeat
                transition
                foot
                perceive
                conference
                bullet
                raid
                effort
                drive
                bomb
                receipt
                discriminate
                channel
                wolf
                celebration
                start
                cash
                lean
                balance
                freighter
                wheel
                poetry
                horn
                sermon
                ideal
                arrest
                seem
                advantage
                follow
                agriculture
                sequence
                snail
                distance
                favourite
                environmental
                prayer
                memory
                biography
                elapse
                cottage
                variation
                circle
                expression
                recruit
                worth
                econobox
                comfort
                union
                foster
                code
                scramble
                tumble
                restaurant
                lemon
                wound
                hand
                consider
                beneficiary
                knowledge
                forward
                sentence
                boy
                fool
                return
                displace
                knife
                aunt
                looting
                woman
                node
                essential
                friend
                transform
                intelligence
                transmission
                composer
                whole
                rung
                free
                wrist
                plant
                criticism
                foreigner
                king
                answer
                printer
                factor
                arrogant
                delete
                wonder
                perception
                factory
                dismissal
                swop
                bare
                brick
                funeral
                evening
                introduce
                door
                truth
                position
                equinox
                crack
                treat
                planet
                card
                fly
                innocent
                stomach
                sigh
                responsible
                art
                fame
                offender
                apple
                straighten
                suite
                earthwax
                treatment
                flat
                sweater
                menu
                accompany
                pride
                remember
                fibre
                story
                lesson
                rob
                colon
                friendly
                banana
                opera
                attractive
                leader
                seasonal
                alarm
                forest
                lung
                romantic
                tradition
                vat
                enemy
                call
                strong
                compromise
                disappoint
                absolute
                baseball
                whisper
                harass
                paper
                harbor
                poison
                singer
                potential
                left
                lineage
                reserve
                difference
                tournament
                exception
                girl
                marsh
                ignorant
                expenditure
                hope
                competence
                promotion
                master
                time
                progress
                conflict
                auditor
                red
                unanimous
                ear
                predator
                opposite
                reign
                heroin
                incongruous
                necklace
                frame
                dare
                chauvinist
                dinner
                gain
                parachute
                quest
                conspiracy
                winter
                loud
                meat
                Mars
                approach
                memorial
                doctor
                generation
                adoption
                display
                specimen
                content
                term
                silk
                incapable
                slide
                poor
                fragment
                censorship
                define
                tap
                fantasy
                talkative
                haircut
                undermine
                problem
                degree
                video
                can
                seminar
                mix
                execution
                carriage
                deter
                gradual
                captivate
                decisive
                trolley
                lead
                financial
                abundant
                fashion
                ferry
                freight
                banner
                pumpkin
                hunting
                flu
                agree
                folk music
                ambition
                march
                property
                tin
                refuse
                pawn
                revolutionary
                prevent
                please
                wave
                drop
                triangle
                designer
                beam
                ant
                budget
                move
                log
                density
                knot
                age
                axis
                liver
                era
                location
                disorder
                threat
                diamond
                human body
                gap
                contrast
                teenager
                attachment
                nature
                train
                narrow
                urge
                jest
                disco
                donor
                save
                recognize
                manual
                abuse
                pitch
                insistence
                general
                queue
                latest
                highlight
                casualty
                cabinet
                slogan
                constitution
                steam
                dozen
                formula
                hospital
                negotiation
                cell
                laborer
                rank
                initiative
                joke
                bronze
                ignite
                freedom
                deserve
                handicap
                tolerate
                password
                occupation
                valid
                fat
                abstract
                proportion
                clique
                pot
                anticipation
                student
                plastic
                upset
                clothes
                fix
                photocopy
                request
                debate
                respect
                sunrise
                squeeze
                sweat
                childish
                polladmission
                restoration
                accident
                greeting
                aloof
                telephone
                morning
                disk
                path
                business
                cluster
                awful
                result
                scale
                discuss
                confrontation
                fade
                cause
                posture
                confront
                version
                hover
                suggest
                mobile
                threshold
                end
                jealous
                ribbon
                south
                joint
                achievement
                coalition
                reality
                park
                contrary
                fitness
                shave
                behead
                cave
                journal
                trust
                storage
                cooperation
                studio
                grind
                convention
                reception
                volcano
                conversation
                concert
                hypothesis
                youth
                damn
                fiction
                coffin
                pan
                commission
                novel
                experiment
                competition
                finish
                dash
                introduction
                appetite
                management
                offend
                trunk
                fling
                ride
                presentation
                robot
                trick
                modernize
                suspect
                observation
                soft
                lost
                throw
                initial
                performance
                claim
                provide
                crisis
                glow
                medicine
                table
                contempt
                thumb
                computing
                rehabilitation
                freckle
                portrait
                cheat
                orange
                assessment
                cook
                part
                peace
                inspire
                charity
                slip
                researcher
                rape
                section
                folklore
                needle
                bold
                garbage
                feeling
                nose
                commerce
                adopt
                foundation
                maid
                dorm
                episode
                diagram
                organ
                suitcase
                mask
                grain
                heavy
                install
                neighbour
                blame
                agony
                conviction
                context
                tray
                dignity
                mutter
                drawing
                final
                approval
                marble
                switch
                formulate
                waist
                payment
                pressure
                delicate
                worker
                minor
                analysis
                bear
                atmosphere
                conceive
                mail carrier
                exclusive
                script
                hostility
                bar
                even
                breast
                exempt
                seed
                ostracize
                investment
                ritual
                determine
                civilian
                ceiling
                sand
                domination
                judicial
                crew
                cable
                rescue
                multimedia
                range
                development
                explode
                economist
                dream
                relationship
                routine
                employee
                explain
                excuse
                harsh
                marketing
                dangerous
                producer
                reject
                legislation
                taste
                gem
                misery
                deficiency
                drift
                digress
                catch
                ex
                suppress
                salesperson
                astonishing
                short
                credit
                soak
                mood
                copyright
                compensation
                rule
                lawyer
                research
                AIDS
                miserable
                lion
                braid
                surface
                incident
                rock
                cheque
                contemporary
                freshman
                warrant
                riot
                charismatic
                wash
                crevice
                toast
                original
                layout
                control
                weigh
                preoccupation
                rainbow
                television
                officer
                stunning
                argument
                dive
                inappropriate
                explosion
                basic
                pocket
                carrot
                costume
                commemorate
                willpower
                chemistry
                summary
                election
                blank
                deteriorate
                magnitude
                temporary
                enjoy
                sustain
                waiter
                related
                fair
                unit
                flour
                remedy
                number
                worry
                clock
                address
                magnetic
                crutch
                credibility
                application
                nest
                pierce
                reach
                beautiful
                failure
                queen
                guess
                joystick
                nervous
                eagle
                discrimination
                maximum
                oil
                science
                rain
                instruction
                spell
                conservative
                resignation
                forestry
                wing
                sheet
                tank
                blind
                equal
                stroll
                release
                line
                stock
                profit
                sink
                chimpanzee
                particular
                exposure
                trance
                dictionary
                host
                dictate
                rush
                impound
                recover
                mark
                trial
                wheat
                grandmother
                chew
                deputy
                effect
                solid
                corner
                act
                sense
                game
                secular
                pyramid
                X-ray
                sodium
                tiger
                knee
                drag
                tidy
                fashionable
                morale
                shatter
                parallel
                nerve
                month
                rubbish
                insist
                say
                likely
                coverage
                deliver
                investigation
                spokesperson
                gradient
                veteran
                discount
                cheek
                quarter
                ball
                page
                imperial
                momentum
                justice
                rotate
                breeze
                affair
                thinker
                rifle
                federation
                collect
                shift
                revolution
                trap
                camera
                star
                suffer
                policeman
                fraud
                autonomy
                premature
                closed
                missile
                chop
                shine
                know
                rugby
                supplementary
                declaration
                field
                division
                suit
                quality
                economic
                benefit
                venture
                repeat
                fragrant
                value
                fruit
                favorable
                terminal
                omission
                broken
                refund
                permission
                obese
                stable
                appendix
                sticky
                desk
                treasurer
                provoke
                hide
                debut
                bus
                drain
                texture
                gaffe
                swallow
                tree
                rub
                broccoli
                solo
                ladder
                compose
                area
                drill
                radical
                arch
                aisle
                ego
                distant
                sunshine
                care
                pavement
                sight
                night
                guest
                resort
                record
                drama
                yearn
                helicopter
                army
                difficult
                lip
                architect
                gold
                screen
                absorption
                count
                court
                push
                quota
                offer
                jurisdiction
                quantity
                dragon
                punish
                reader
                revive
                exemption
                color-blind
                wilderness
                twitch
                herd
                brave
                design
                draw
                want
                principle
                player
                mole
                articulate
                exclude
                present
                directory
                slime
                dependence
                pattern
                float
                tax
                club
                barrier
                smooth
                rumor
                layer
                use
                graphic
                midnight
                undertake
                suburb
                scrap
                snow
                regret
                show
                point
                resist
                wrap
                ditch
                psychology
                rotten
                patent
                courtship
                ethnic
                export
                digital
                troop
                fluctuation
                scatter
                mist
                feed
                charter
                banish
                lily
                finger
                infinite
                curtain
                cooperative
                crown
                convulsion
                virgin
                profound
                attract
                wreck
                counter
                thesis
                stick
                black
                reduce
                overeat
                pay
                core
                cattle
                dimension
                war
                acute
                meadow
                tropical
                obscure
                parameter
                estimate
                experienced
                precedent
                wall
                run
                kitchen
                grandfather
                detail
                major
                galaxy
                unlawful
                pile
                commitment
                stuff
                slap
                finished
                primary
                accessible
                eye
                exchange
                peanut
                impulse
                personal
                museum
                appeal
                bake
                doubt
                dollar
                endorse
                realism
                burn
                tire
                appoint
                module
                champion
                socialist
                eaux
                instinct
                weak
                compete
                congress
                imposter
                coincidence
                academy
                dominant
                build
                read
                stitch
                polish
                choke
                old
                throat
                angle
                coup
                support
                monstrous
                leg
                spot
                window
                surgeon
                guilt
                ecstasy
                examination
                unpleasant
                turkey
                trouser
                enthusiasm
                mosaic
                association
                figure
                thick
                genuine
                due
                trivial
                guerrilla
                equip
                public
                response
                write
                radiation
                advertising
                word
                strategic
                clay
                authorise
                gas
                grass
                wire
                scenario
                trench
                chord
                disability
                allow
                excavate
                instrument
                roar
                ghostwriter
                loan
                sick
                shy
                absence
                laundry
                calm
                flow
                chaos
                breed
                spit
                essay
                prison
                cassette
                morsel
                earthflax
                means
                tablet
                settlement
                jaw
                lighter
                pat
                first
                bill
                ridge
                eat
                bell
                split
                mourning
                landscape
                cycle
                size
                craftsman
                check
                serious
                prestige
                beef
                humor
                prosper
                symbol
                trainer
                assignment
                breathe
                defeat
                transition
                foot
                perceive
                conference
                bullet
                raid
                effort
                drive
                bomb
                receipt
                discriminate
                channel
                wolf
                celebration
                start
                cash
                lean
                balance
                freighter
                wheel
                poetry
                horn
                sermon
                ideal
                arrest
                seem
                advantage
                follow
                agriculture
                sequence
                snail
                distance
                favourite
                environmental
                prayer
                memory
                biography
                elapse
                cottage
                variation
                circle
                expression
                recruit
                worth
                econobox
                comfort
                union
                foster
                code
                scramble
                tumble
                restaurant
                lemon
                wound
                hand
                consider
                beneficiary
                knowledge
                forward
                sentence
                boy
                fool
                return
                displace
                knife
                aunt
                looting
                woman
                node
                essential
                friend
                transform
                intelligence
                transmission
                composer
                whole
                rung
                free
                wrist
                plant
                criticism
                foreigner
                king
                answer
                printer
                factor
                arrogant
                delete
                wonder
                perception
                factory
                dismissal
                swop
                bare
                brick
                funeral
                evening
                introduce
                door
                truth
                position
                equinox
                crack
                treat
                planet
                card
                fly
                innocent
                stomach
                sigh
                responsible
                art
                fame
                offender
                apple
                straighten
                suite
                earthwax
                treatment
                flat
                sweater
                menu
                accompany
                pride
                remember
                fibre
                story
                lesson
                rob
                colon
                friendly
                banana
                opera
                attractive
                leader
                seasonal
                alarm
                forest
                lung
                romantic
                tradition
                vat
                enemy
                call
                strong
                compromise
                disappoint
                absolute
                baseball
                whisper
                harass
                paper
                harbor
                poison
                singer
                potential
                left
                lineage
                reserve
                difference
                tournament
                exception
                girl
                marsh
                ignorant
                expenditure
                hope
                competence
                promotion
                master
                time
                progress
                conflict
                auditor
                red
                unanimous
                ear
                predator
                opposite
                reign
                heroin
                incongruous
                necklace
                frame
                dare
                chauvinist
                dinner
                gain
                parachute
                quest
                conspiracy
                winter
                loud
                meat
                Mars
                approach
                memorial
                doctor
                generation
                adoption
                display
                specimen
                content
                term
                silk
                incapable
                slide
                poor
                fragment
                censorship
                define
                tap
                fantasy
                talkative
                haircut
                undermine
                problem
                degree
                video
                can
                seminar
                mix
                execution
                carriage
                deter
                gradual
                captivate
                decisive
                trolley
                lead
                financial
                abundant
                fashion
                ferry
                freight
                banner
                pumpkin
                hunting
                flu
                agree
                folk music
                ambition
                march
                property
                tin
                refuse
                pawn
                revolutionary
                prevent
                please
                wave
                drop
                triangle
                designer
                beam
                ant
                budget
                move
                log
                density
                knot
                age
                axis
                liver
                era
                location
                disorder
                threat
                diamond
                human body
                gap
                contrast
                teenager
                attachment
                nature
                train
                narrow
                urge
                jest
                disco
                donor
                save
                recognize
                manual
                abuse
                pitch
                insistence
                general
                queue
                latest
                highlight
                casualty
                cabinet
                slogan
                constitution
                steam
                dozen
                formula
                hospital
                negotiation
                cell
                laborer
                rank
                initiative
                joke
                bronze
                ignite
                freedom
                deserve
                handicap
                tolerate
                password
                occupation
                valid
                fat
                abstract
                proportion
                clique
                pot
                anticipation
                student
                plastic
                upset
                clothes
                fix
                photocopy
                request
                debate
                respect
                sunrise
                squeeze
                sweat
                childish
                poll
                admission
                restoration
                accident
                greeting
                aloof
                telephone
                morning
                disk
                path
                business
                cluster
                awful
                result
                scale
                discuss
                confrontation
                fade
                cause
                posture
                confront
                version
                hover
                suggest
                mobile
                threshold
                end
                jealous
                ribbon
                south
                joint
                achievement
                coalition
                reality
                park
                contrary
                fitness
                shave
                behead
                cave
                journal
                trust
                storage
                cooperation
                studio
                grind
                convention
                reception
                volcano
                conversation
                concert
                hypothesis
                youth
                damn
                fiction
                coffin
                pan
                commission
                novel
                experiment
                competition
                finish
                dash
                introduction
                appetite
                management
                offend
                trunk
                fling
                ride
                presentation
                robot
                trick
                modernize
                suspect
                observation
                soft
                lost
                throw
                initial
                performance
                claim
                provide
                crisis
                glow
                medicine
                table
                contempt
                thumb
                computing
                rehabilitation
                freckle
                portrait
                cheat
                orange
                assessment
                cook
                part
                peace
                inspire
                charity
                slip
                researcher
                rape
                section
                folklore
                needle
                bold
                garbage
                feeling
                nose
                commerce
                adopt
                foundation
                maid
                dorm
                episode
                diagram
                organ
                suitcase
                mask
                grain
                heavy
                install
                neighbour
                blame
                agony
                conviction
                context
                tray
                dignity
                mutter
                drawing
                final
                approval
                marble
                switch
                formulate
                waist
                payment
                pressure
                delicate
                worker
                minor
                analysis
                bear
                atmosphere
                conceive
                mail carrier
                exclusive
                script
                hostility
                bar
                even
                breast
                exempt
                seed
                ostracize
                investment
                ritual
                determine
                civilian
                ceiling
                sand
                domination
                judicial
                crew
                cable
                rescue
                multimedia
                range
                development
                explode
                economist
                dream
                relationship
                routine
                employee
                explain
                excuse
                harsh
                marketing
                dangerous
                producer
                reject
                legislation
                taste
                gem
                misery
                deficiency
                drift
                digress
                catch
                ex
                suppress
                salesperson
                astonishing
                short
                credit
                soak
                mood
                copyright
                compensation
                rule
                lawyer
                research
                AIDS
                miserable
                lion
                braid
                surface
                incident
                rock
                cheque
                contemporary
                freshman
                warrant
                riot
                charismatic
                wash
                crevice
                toast
                original
                layout
                control
                weigh
                preoccupation
                rainbow
                television
                officer
                stunning
                argument
                dive
                inappropriate
                explosion
                basic
                pocket
                carrot
                costume
                commemorate
                willpower
                chemistry
                summary
                election
                blank
                deteriorate
                magnitude
                temporary
                enjoy
                sustain
                waiter
                related
                fair
                unit
                flour
                remedy
                number
                worry
                clock
                address
                magnetic
                crutch
                credibility
                application
                nest
                pierce
                reach
                beautiful
                failure
                queen
                guess
                joystick
                nervous
                eagle
                discrimination
                maximum
                oil
                science
                rain
                instruction
                spell
                conservative
                resignation
                forestry
                wing
                sheet
                tank
                blind
                equal
                stroll
                release
                line
                stock
                profit
                sink
                chimpanzee
                particular
                exposure
                trance
                dictionary
                host
                dictate
                rush
                impound
                recover
                mark
                trial
                wheat
                grandmother
                chew
                deputy
                effect
                solid
                corner
                act
                sense
                game
                secular
                pyramid
                X-ray
                sodium
                tiger
                knee
                drag
                tidy
                fashionable
                morale
                shatter
                parallel
                nerve
                month
                rubbish
                insist
                say
                likely
                coverage
                deliver
                investigation
                spokesperson
                gradient
                veteran
                discount
                cheek
                quarter
                ball
                page
                imperial
                momentum
                justice
                rotate
                breeze
                affair
                thinker
                rifle
                federation
                collect
                shift
                revolution
                trap
                camera
                star
                suffer
                policeman
                fraud
                autonomy
                premature
                closed
                missile
                chop
                shine
                know
                rugby
                supplementary
                declaration
                field
                division
                suit
                quality
                economic
                benefit
                venture
                repeat
                fragrant
                value
                fruit
                favorable
                terminal
                omission
                broken
                refund
                permission
                obese
                stable
                appendix
                sticky
                desk
                treasurer
                provoke
                hide
                debut
                bus
                drain
                texture
                gaffe
                swallow
                tree
                rub
                broccoli
                solo
                ladder
                compose
                area
                drill
                radical
                arch
                aisle
                ego
                distant
                sunshine
                care
                pavement
                sight
                night
                guest
                resort
                record
                drama
                yearn
                helicopter
                army
                difficult
                lip
                architect
                gold
                screen
                absorption
                count
                court
                push
                quota
                offer
                jurisdiction
                quantity
                dragon
                punish
                reader
                revive
                exemption
                color-blind
                wilderness
                twitch
                herd
                brave
                design
                draw
                want
                principle
                player
                mole
                articulate
                exclude
                present
                directory
                slime
                dependence
                pattern
                float
                tax
                club
                barrier
                smooth
                rumor
                layer
                use
                graphic
                midnight
                undertake
                suburb
                scrap
                snow
                regret
                show
                point
                resist
                wrap
                ditch
                psychology
                rotten
                patent
                courtship
                ethnic
                export
                digital
                troop
                fluctuation
                scatter
                mist
                feed
                charter
                banish
                lily
                finger
                infinite
                curtain
                cooperative
                crown
                convulsion
                virgin
                profound
                attract
                wreck
                counter
                thesis
                stick
                black
                reduce
                overeat
                pay
                core
                cattle
                dimension
                war
                acute
                meadow
                tropical
                obscure
                parameter
                estimate
                experienced
                precedent
                wall
                run
                kitchen
                grandfather
                detail
                major
                galaxy
                unlawful
                pile
                commitment
                stuff
                slap
                finished
                primary
                accessible
                eye
                exchange
                peanut
                impulse
                personal
                museum
                appeal
                bake
                doubt
                dollar
                endorse
                realism
                burn
                tire
                appoint
                module
                champion
                socialist
                eaux
                instinct
                weak
                compete
                congress
                imposter
                coincidence
                academy
                dominant
                build
                read
                stitch
                polish
                choke
                old
                throat
                angle
                coup
                support
                monstrous
                leg
                spot
                window
                surgeon
                guilt
                ecstasy
                examination
                unpleasant
                turkey
                trouser
                enthusiasm
                mosaic
                association
                figure
                thick
                genuine
                due
                trivial
                guerrilla
                equip
                public
                response
                write
                radiation
                advertising
                word
                strategic
                clay
                authorise
                gas
                grass
                wire
                scenario
                trench
                chord
                disability
                allow
                excavate
                instrument
                roar
                ghostwriter
                loan
                sick
                shy
                absence
                laundry
                calm
                flow
                chaos
                breed
                spit
                essay
                prison
                cassette
                morsel
                earthflax
                means
                tablet
                settlement
                jaw
                lighter
                pat
                first
                bill
                ridge
                eat
                bell
                split
                mourning
                landscape
                cycle
                size
                craftsman
                check
                serious
                prestige
                beef
                humor
                prosper
                symbol
                trainer
                assignment
                breathe
                defeat
                transition
                foot
                perceive
                conference
                bullet
                raid
                effort
                drive
                bomb
                receipt
                discriminate
                channel
                wolf
                celebration
                start
                cash
                lean
                balance
                freighter
                wheel
                poetry
                horn
                sermon
                ideal
                arrest
                seem
                advantage
                follow
                agriculture
                sequence
                snail
                distance
                favourite
                environmental
                prayer
                memory
                biography
                elapse
                cottage
                variation
                circle
                expression
                recruit
                worth
                econobox
                comfort
                union
                foster
                code
                scramble
                tumble
                restaurant
                lemon
                wound
                hand
                consider
                beneficiary
                knowledge
                forward
                sentence
                boy
                fool
                return
                displace
                knife
                aunt
                looting
                woman
                node
                essential
                friend
                transform
                intelligence
                transmission
                composer
                whole
                rung
                free
                wrist
                plant
                criticism
                foreigner
                king
                answer
                printer
                factor
                arrogant
                delete
                wonder
                perception
                factory
                dismissal
                swop
                bare
                brick
                funeral
                evening
                introduce
                door
                truth
                position
                equinox
                crack
                treat
                planet
                card
                fly
                innocent
                stomach
                sigh
                responsible
                art
                fame
                offender
                apple
                straighten
                suite
                earthwax
                treatment
                flat
                sweater
                menu
                accompany
                pride
                remember
                fibre
                story
                lesson
                rob
                colon
                friendly
                banana
                opera
                attractive
                leader
                seasonal
                alarm
                forest
                lung
                romantic
                tradition
                vat
                enemy
                call
                strong
                compromise
                disappoint
                absolute
                baseball
                whisper
                harass
                paper
                harbor
                poison
                singer
                potential
                left
                lineage
                reserve
                difference
                tournament
                exception
                girl
                marsh
                ignorant
                expenditure
                hope
                competence
                promotion
                master
                time
                progress
                conflict
                auditor
                red
                unanimous
                ear
                predator
                opposite
                reign
                heroin
                incongruous
                necklace
                frame
                dare
                chauvinist
                dinner
                gain
                parachute
                quest
                conspiracy
                winter
                loud
                meat
                Mars
                approach
                memorial
                doctor
                generation
                adoption
                display
                specimen
                content
                term
                silk
                incapable
                slide
                poor
                fragment
                censorship
                define
                tap
                fantasy
                talkative
                haircut
                undermine
                problem
                degree
                video
                can
                seminar
                mix
                execution
                carriage
                deter
                gradual
                captivate
                decisive
                trolley
                lead
                financial
                abundant
                fashion
                ferry
                freight
                banner
                pumpkin
                hunting
                flu
                agree
                folk music
                ambition
                march
                property
                tin
                refuse
                pawn
                revolutionary
                prevent
                please
                wave
                drop
                triangle
                designer
                beam
                ant
                budget
                move
                log
                density
                knot
                age
                axis
                liver
                era
                location
                disorder
                threat
                diamond
                human body
                gap
                contrast
                teenager
                attachment
                nature
                train
                narrow
                urge
                jest
                disco
                donor
                save
                recognize
                manual
                abuse
                pitch
                insistence
                general
                queue
                latest
                highlight
                casualty
                cabinet
                slogan
                constitution
                steam
                dozen
                formula
                hospital
                negotiation
                cell
                laborer
                rank
                initiative
                joke
                bronze
                ignite
                freedom
                deserve
                handicap
                tolerate
                password
                occupation
                valid
                fat
                abstract
                proportion
                clique
                pot
                anticipation
                student
                plastic
                upset
                clothes
                fix
                photocopy
                request
                debate
                respect
                sunrise
                squeeze
                sweat
                childish
                polladmission
                restoration
                accident
                greeting
                aloof
                telephone
                morning
                disk
                path
                business
                cluster
                awful
                result
                scale
                discuss
                confrontation
                fade
                cause
                posture
                confront
                version
                hover
                suggest
                mobile
                threshold
                end
                jealous
                ribbon
                south
                joint
                achievement
                coalition
                reality
                park
                contrary
                fitness
                shave
                behead
                cave
                journal
                trust
                storage
                cooperation
                studio
                grind
                convention
                reception
                volcano
                conversation
                concert
                hypothesis
                youth
                damn
                fiction
                coffin
                pan
                commission
                novel
                experiment
                competition
                finish
                dash
                introduction
                appetite
                management
                offend
                trunk
                fling
                ride
                presentation
                robot
                trick
                modernize
                suspect
                observation
                soft
                lost
                throw
                initial
                performance
                claim
                provide
                crisis
                glow
                medicine
                table
                contempt
                thumb
                computing
                rehabilitation
                freckle
                portrait
                cheat
                orange
                assessment
                cook
                part
                peace
                inspire
                charity
                slip
                researcher
                rape
                section
                folklore
                needle
                bold
                garbage
                feeling
                nose
                commerce
                adopt
                foundation
                maid
                dorm
                episode
                diagram
                organ
                suitcase
                mask
                grain
                heavy
                install
                neighbour
                blame
                agony
                conviction
                context
                tray
                dignity
                mutter
                drawing
                final
                approval
                marble
                switch
                formulate
                waist
                payment
                pressure
                delicate
                worker
                minor
                analysis
                bear
                atmosphere
                conceive
                mail carrier
                exclusive
                script
                hostility
                bar
                even
                breast
                exempt
                seed
                ostracize
                investment
                ritual
                determine
                civilian
                ceiling
                sand
                domination
                judicial
                crew
                cable
                rescue
                multimedia
                range
                development
                explode
                economist
                dream
                relationship
                routine
                employee
                explain
                excuse
                harsh
                marketing
                dangerous
                producer
                reject
                legislation
                taste
                gem
                misery
                deficiency
                drift
                digress
                catch
                ex
                suppress
                salesperson
                astonishing
                short
                credit
                soak
                mood
                copyright
                compensation
                rule
                lawyer
                research
                AIDS
                miserable
                lion
                braid
                surface
                incident
                rock
                cheque
                contemporary
                freshman
                warrant
                riot
                charismatic
                wash
                crevice
                toast
                original
                layout
                control
                weigh
                preoccupation
                rainbow
                television
                officer
                stunning
                argument
                dive
                inappropriate
                explosion
                basic
                pocket
                carrot
                costume
                commemorate
                willpower
                chemistry
                summary
                election
                blank
                deteriorate
                magnitude
                temporary
                enjoy
                sustain
                waiter
                related
                fair
                unit
                flour
                remedy
                number
                worry
                clock
                address
                magnetic
                crutch
                credibility
                application
                nest
                pierce
                reach
                beautiful
                failure
                queen
                guess
                joystick
                nervous
                eagle
                discrimination
                maximum
                oil
                science
                rain
                instruction
                spell
                conservative
                resignation
                forestry
                wing
                sheet
                tank
                blind
                equal
                stroll
                release
                line
                stock
                profit
                sink
                chimpanzee
                particular
                exposure
                trance
                dictionary
                host
                dictate
                rush
                impound
                recover
                mark
                trial
                wheat
                grandmother
                chew
                deputy
                effect
                solid
                corner
                act
                sense
                game
                secular
                pyramid
                X-ray
                sodium
                tiger
                knee
                drag
                tidy
                fashionable
                morale
                shatter
                parallel
                nerve
                month
                rubbish
                insist
                say
                likely
                coverage
                deliver
                investigation
                spokesperson
                gradient
                veteran
                discount
                cheek
                quarter
                ball
                page
                imperial
                momentum
                justice
                rotate
                breeze
                affair
                thinker
                rifle
                federation
                collect
                shift
                revolution
                trap
                camera
                star
                suffer
                policeman
                fraud
                autonomy
                premature
                closed
                missile
                chop
                shine
                know
                rugby
                supplementary
                declaration
                field
                division
                suit
                quality
                economic
                benefit
                venture
                repeat
                fragrant
                value
                fruit
                favorable
                terminal
                omission
                broken
                refund
                permission
                obese
                stable
                appendix
                sticky
                desk
                treasurer
                provoke
                hide
                debut
                bus
                drain
                texture
                gaffe
                swallow
                tree
                rub
                broccoli
                solo
                ladder
                compose
                area
                drill
                radical
                arch
                aisle
                ego
                distant
                sunshine
                care
                pavement
                sight
                night
                guest
                resort
                record
                drama
                yearn
                helicopter
                army
                difficult
                lip
                architect
                gold
                screen
                absorption
                count
                court
                push
                quota
                offer
                jurisdiction
                quantity
                dragon
                punish
                reader
                revive
                exemption
                color-blind
                wilderness
                twitch
                herd
                brave
                design
                draw
                want
                principle
                player
                mole
                articulate
                exclude
                present
                directory
                slime
                dependence
                pattern
                float
                tax
                club
                barrier
                smooth
                rumor
                layer
                use
                graphic
                midnight
                undertake
                suburb
                scrap
                snow
                regret
                show
                point
                resist
                wrap
                ditch
                psychology
                rotten
                patent
                courtship
                ethnic
                export
                digital
                troop
                fluctuation
                scatter
                mist
                feed
                charter
                banish
                lily
                finger
                infinite
                curtain
                cooperative
                crown
                convulsion
                virgin
                profound
                attract
                wreck
                counter
                thesis
                stick
                black
                reduce
                overeat
                pay
                core
                cattle
                dimension
                war
                acute
                meadow
                tropical
                obscure
                parameter
                estimate
                experienced
                precedent
                wall
                run
                kitchen
                grandfather
                detail
                major
                galaxy
                unlawful
                pile
                commitment
                stuff
                slap
                finished
                primary
                accessible
                eye
                exchange
                peanut
                impulse
                personal
                museum
                appeal
                bake
                doubt
                dollar
                endorse
                realism
                burn
                tire
                appoint
                module
                champion
                socialist
                eaux
                instinct
                weak
                compete
                congress
                imposter
                coincidence
                academy
                dominant
                build
                read
                stitch
                polish
                choke
                old
                throat
                angle
                coup
                support
                monstrous
                leg
                spot
                window
                surgeon
                guilt
                ecstasy
                examination
                unpleasant
                turkey
                trouser
                enthusiasm
                mosaic
                association
                figure
                thick
                genuine
                due
                trivial
                guerrilla
                equip
                public
                response
                write
                radiation
                advertising
                word
                strategic
                clay
                authorise
                gas
                grass
                wire
                scenario
                trench
                chord
                disability
                allow
                excavate
                instrument
                roar
                ghostwriter
                loan
                sick
                shy
                absence
                laundry
                calm
                flow
                chaos
                breed
                spit
                essay
                prison
                cassette
                morsel
                earthflax
                means
                tablet
                settlement
                jaw
                lighter
                pat
                first
                bill
                ridge
                eat
                bell
                split
                mourning
                landscape
                cycle
                size
                craftsman
                check
                serious
                prestige
                beef
                humor
                prosper
                symbol
                trainer
                assignment
                breathe
                defeat
                transition
                foot
                perceive
                conference
                bullet
                raid
                effort
                drive
                bomb
                receipt
                discriminate
                channel
                wolf
                celebration
                start
                cash
                lean
                balance
                freighter
                wheel
                poetry
                horn
                sermon
                ideal
                arrest
                seem
                advantage
                follow
                agriculture
                sequence
                snail
                distance
                favourite
                environmental
                prayer
                memory
                biography
                elapse
                cottage
                variation
                circle
                expression
                recruit
                worth
                econobox
                comfort
                union
                foster
                code
                scramble
                tumble
                restaurant
                lemon
                wound
                hand
                consider
                beneficiary
                knowledge
                forward
                sentence
                boy
                fool
                return
                displace
                knife
                aunt
                looting
                woman
                node
                essential
                friend
                transform
                intelligence
                transmission
                composer
                whole
                rung
                free
                wrist
                plant
                criticism
                foreigner
                king
                answer
                printer
                factor
                arrogant
                delete
                wonder
                perception
                factory
                dismissal
                swop
                bare
                brick
                funeral
                evening
                introduce
                door
                truth
                position
                equinox
                crack
                treat
                planet
                card
                fly
                innocent
                stomach
                sigh
                responsible
                art
                fame
                offender
                apple
                straighten
                suite
                earthwax
                treatment
                flat
                sweater
                menu
                accompany
                pride
                remember
                fibre
                story
                lesson
                rob
                colon
                friendly
                banana
                opera
                attractive
                leader
                seasonal
                alarm
                forest
                lung
                romantic
                tradition
                vat
                enemy
                call
                strong
                compromise
                disappoint
                absolute
                baseball
                whisper
                harass
                paper
                harbor
                poison
                singer
                potential
                left
                lineage
                reserve
                difference
                tournament
                exception
                girl
                marsh
                ignorant
                expenditure
                hope
                competence
                promotion
                master
                time
                progress
                conflict
                auditor
                red
                unanimous
                ear
                predator
                opposite
                reign
                heroin
                incongruous
                necklace
                frame
                dare
                chauvinist
                dinner
                gain
                parachute
                quest
                conspiracy
                winter
                loud
                meat
                Mars
                approach
                memorial
                doctor
                generation
                adoption
                display
                specimen
                content
                term
                silk
                incapable
                slide
                poor
                fragment
                censorship
                define
                tap
                fantasy
                talkative
                haircut
                undermine
                problem
                degree
                video
                can
                seminar
                mix
                execution
                carriage
                deter
                gradual
                captivate
                decisive
                trolley
                lead
                financial
                abundant
                fashion
                ferry
                freight
                banner
                pumpkin
                hunting
                flu
                agree
                folk music
                ambition
                march
                property
                tin
                refuse
                pawn
                revolutionary
                prevent
                please
                wave
                drop
                triangle
                designer
                beam
                ant
                budget
                move
                log
                density
                knot
                age
                axis
                liver
                era
                location
                disorder
                threat
                diamond
                human body
                gap
                contrast
                teenager
                attachment
                nature
                train
                narrow
                urge
                jest
                disco
                donor
                save
                recognize
                manual
                abuse
                pitch
                insistence
                general
                queue
                latest
                highlight
                casualty
                cabinet
                slogan
                constitution
                steam
                dozen
                formula
                hospital
                negotiation
                cell
                laborer
                rank
                initiative
                joke
                bronze
                ignite
                freedom
                deserve
                handicap
                tolerate
                password
                occupation
                valid
                fat
                abstract
                proportion
                clique
                pot
                anticipation
                student
                plastic
                upset
                clothes
                fix
                photocopy
                request
                debate
                respect
                sunrise
                squeeze
                sweat
                childish
                poll
                admission
                restoration
                accident
                greeting
                aloof
                telephone
                morning
                disk
                path
                business
                cluster
                awful
                result
                scale
                discuss
                confrontation
                fade
                cause
                posture
                confront
                version
                hover
                suggest
                mobile
                threshold
                end
                jealous
                ribbon
                south
                joint
                achievement
                coalition
                reality
                park
                contrary
                fitness
                shave
                behead
                cave
                journal
                trust
                storage
                cooperation
                studio
                grind
                convention
                reception
                volcano
                conversation
                concert
                hypothesis
                youth
                damn
                fiction
                coffin
                pan
                commission
                novel
                experiment
                competition
                finish
                dash
                introduction
                appetite
                management
                offend
                trunk
                fling
                ride
                presentation
                robot
                trick
                modernize
                suspect
                observation
                soft
                lost
                throw
                initial
                performance
                claim
                provide
                crisis
                glow
                medicine
                table
                contempt
                thumb
                computing
                rehabilitation
                freckle
                portrait
                cheat
                orange
                assessment
                cook
                part
                peace
                inspire
                charity
                slip
                researcher
                rape
                section
                folklore
                needle
                bold
                garbage
                feeling
                nose
                commerce
                adopt
                foundation
                maid
                dorm
                episode
                diagram
                organ
                suitcase
                mask
                grain
                heavy
                install
                neighbour
                blame
                agony
                conviction
                context
                tray
                dignity
                mutter
                drawing
                final
                approval
                marble
                switch
                formulate
                waist
                payment
                pressure
                delicate
                worker
                minor
                analysis
                bear
                atmosphere
                conceive
                mail carrier
                exclusive
                script
                hostility
                bar
                even
                breast
                exempt
                seed
                ostracize
                investment
                ritual
                determine
                civilian
                ceiling
                sand
                domination
                judicial
                crew
                cable
                rescue
                multimedia
                range
                development
                explode
                economist
                dream
                relationship
                routine
                employee
                explain
                excuse
                harsh
                marketing
                dangerous
                producer
                reject
                legislation
                taste
                gem
                misery
                deficiency
                drift
                digress
                catch
                ex
                suppress
                salesperson
                astonishing
                short
                credit
                soak
                mood
                copyright
                compensation
                rule
                lawyer
                research
                AIDS
                miserable
                lion
                braid
                surface
                incident
                rock
                cheque
                contemporary
                freshman
                warrant
                riot
                charismatic
                wash
                crevice
                toast
                original
                layout
                control
                weigh
                preoccupation
                rainbow
                television
                officer
                stunning
                argument
                dive
                inappropriate
                explosion
                basic
                pocket
                carrot
                costume
                commemorate
                willpower
                chemistry
                summary
                election
                blank
                deteriorate
                magnitude
                temporary
                enjoy
                sustain
                waiter
                related
                fair
                unit
                flour
                remedy
                number
                worry
                clock
                address
                magnetic
                crutch
                credibility
                application
                nest
                pierce
                reach
                beautiful
                failure
                queen
                guess
                joystick
                nervous
                eagle
                discrimination
                maximum
                oil
                science
                rain
                instruction
                spell
                conservative
                resignation
                forestry
                wing
                sheet
                tank
                blind
                equal
                stroll
                release
                line
                stock
                profit
                sink
                chimpanzee
                particular
                exposure
                trance
                dictionary
                host
                dictate
                rush
                impound
                recover
                mark
                trial
                wheat
                grandmother
                chew
                deputy
                effect
                solid
                corner
                act
                sense
                game
                secular
                pyramid
                X-ray
                sodium
                tiger
                knee
                drag
                tidy
                fashionable
                morale
                shatter
                parallel
                nerve
                month
                rubbish
                insist
                say
                likely
                coverage
                deliver
                investigation
                spokesperson
                gradient
                veteran
                discount
                cheek
                quarter
                ball
                page
                imperial
                momentum
                justice
                rotate
                breeze
                affair
                thinker
                rifle
                federation
                collect
                shift
                revolution
                trap
                camera
                star
                suffer
                policeman
                fraud
                autonomy
                premature
                closed
                missile
                chop
                shine
                know
                rugby
                supplementary
                declaration
                field
                division
                suit
                quality
                economic
                benefit
                venture
                repeat
                fragrant
                value
                fruit
                favorable
                terminal
                omission
                broken
                refund
                permission
                obese
                stable
                appendix
                sticky
                desk
                treasurer
                provoke
                hide
                debut
                bus
                drain
                texture
                gaffe
                swallow
                tree
                rub
                broccoli
                solo
                ladder
                compose
                area
                drill
                radical
                arch
                aisle
                ego
                distant
                sunshine
                care
                pavement
                sight
                night
                guest
                resort
                record
                drama
                yearn
                helicopter
                army
                difficult
                lip
                architect
                gold
                screen
                absorption
                count
                court
                push
                quota
                offer
                jurisdiction
                quantity
                dragon
                punish
                reader
                revive
                exemption
                color-blind
                wilderness
                twitch
                herd
                brave
                design
                draw
                want
                principle
                player
                mole
                articulate
                exclude
                present
                directory
                slime
                dependence
                pattern
                float
                tax
                club
                barrier
                smooth
                rumor
                layer
                use
                graphic
                midnight
                undertake
                suburb
                scrap
                snow
                regret
                show
                point
                resist
                wrap
                ditch
                psychology
                rotten
                patent
                courtship
                ethnic
                export
                digital
                troop
                fluctuation
                scatter
                mist
                feed
                charter
                banish
                lily
                finger
                infinite
                curtain
                cooperative
                crown
                convulsion
                virgin
                profound
                attract
                wreck
                counter
                thesis
                stick
                black
                reduce
                overeat
                pay
                core
                cattle
                dimension
                war
                acute
                meadow
                tropical
                obscure
                parameter
                estimate
                experienced
                precedent
                wall
                run
                kitchen
                grandfather
                detail
                major
                galaxy
                unlawful
                pile
                commitment
                stuff
                slap
                finished
                primary
                accessible
                eye
                exchange
                peanut
                impulse
                personal
                museum
                appeal
                bake
                doubt
                dollar
                endorse
                realism
                burn
                tire
                appoint
                module
                champion
                socialist
                eaux
                instinct
                weak
                compete
                congress
                imposter
                coincidence
                academy
                dominant
                build
                read
                stitch
                polish
                choke
                old
                throat
                angle
                coup
                support
                monstrous
                leg
                spot
                window
                surgeon
                guilt
                ecstasy
                examination
                unpleasant
                turkey
                trouser
                enthusiasm
                mosaic
                association
                figure
                thick
                genuine
                due
                trivial
                guerrilla
                equip
                public
                response
                write
                radiation
                advertising
                word
                strategic
                clay
                authorise
                gas
                grass
                wire
                scenario
                trench
                chord
                disability
                allow
                excavate
                instrument
                roar
                ghostwriter
                loan
                sick
                shy
                absence
                laundry
                calm
                flow
                chaos
                breed
                spit
                essay
                prison
                cassette
                morsel
                earthflax
                means
                tablet
                settlement
                jaw
                lighter
                pat
                first
                bill
                ridge
                eat
                bell
                split
                mourning
                landscape
                cycle
                size
                craftsman
                check
                serious
                prestige
                beef
                humor
                prosper
                symbol
                trainer
                assignment
                breathe
                defeat
                transition
                foot
                perceive
                conference
                bullet
                raid
                effort
                drive
                bomb
                receipt
                discriminate
                channel
                wolf
                celebration
                start
                cash
                lean
                balance
                freighter
                wheel
                poetry
                horn
                sermon
                ideal
                arrest
                seem
                advantage
                follow
                agriculture
                sequence
                snail
                distance
                favourite
                environmental
                prayer
                memory
                biography
                elapse
                cottage
                variation
                circle
                expression
                recruit
                worth
                econobox
                comfort
                union
                foster
                code
                scramble
                tumble
                restaurant
                lemon
                wound
                hand
                consider
                beneficiary
                knowledge
                forward
                sentence
                boy
                fool
                return
                displace
                knife
                aunt
                looting
                woman
                node
                essential
                friend
                transform
                intelligence
                transmission
                composer
                whole
                rung
                free
                wrist
                plant
                criticism
                foreigner
                king
                answer
                printer
                factor
                arrogant
                delete
                wonder
                perception
                factory
                dismissal
                swop
                bare
                brick
                funeral
                evening
                introduce
                door
                truth
                position
                equinox
                crack
                treat
                planet
                card
                fly
                innocent
                stomach
                sigh
                responsible
                art
                fame
                offender
                apple
                straighten
                suite
                earthwax
                treatment
                flat
                sweater
                menu
                accompany
                pride
                remember
                fibre
                story
                lesson
                rob
                colon
                friendly
                banana
                opera
                attractive
                leader
                seasonal
                alarm
                forest
                lung
                romantic
                tradition
                vat
                enemy
                call
                strong
                compromise
                disappoint
                absolute
                baseball
                whisper
                harass
                paper
                harbor
                poison
                singer
                potential
                left
                lineage
                reserve
                difference
                tournament
                exception
                girl
                marsh
                ignorant
                expenditure
                hope
                competence
                promotion
                master
                time
                progress
                conflict
                auditor
                red
                unanimous
                ear
                predator
                opposite
                reign
                heroin
                incongruous
                necklace
                frame
                dare
                chauvinist
                dinner
                gain
                parachute
                quest
                conspiracy
                winter
                loud
                meat
                Mars
                approach
                memorial
                doctor
                generation
                adoption
                display
                specimen
                content
                term
                silk
                incapable
                slide
                poor
                fragment
                censorship
                define
                tap
                fantasy
                talkative
                haircut
                undermine
                problem
                degree
                video
                can
                seminar
                mix
                execution
                carriage
                deter
                gradual
                captivate
                decisive
                trolley
                lead
                financial
                abundant
                fashion
                ferry
                freight
                banner
                pumpkin
                hunting
                flu
                agree
                folk music
                ambition
                march
                property
                tin
                refuse
                pawn
                revolutionary
                prevent
                please
                wave
                drop
                triangle
                designer
                beam
                ant
                budget
                move
                log
                density
                knot
                age
                axis
                liver
                era
                location
                disorder
                threat
                diamond
                human body
                gap
                contrast
                teenager
                attachment
                nature
                train
                narrow
                urge
                jest
                disco
                donor
                save
                recognize
                manual
                abuse
                pitch
                insistence
                general
                queue
                latest
                highlight
                casualty
                cabinet
                slogan
                constitution
                steam
                dozen
                formula
                hospital
                negotiation
                cell
                laborer
                rank
                initiative
                joke
                bronze
                ignite
                freedom
                deserve
                handicap
                tolerate
                password
                occupation
                valid
                fat
                abstract
                proportion
                clique
                pot
                anticipation
                student
                plastic
                upset
                clothes
                fix
                photocopy
                request
                debate
                respect
                sunrise
                squeeze
                sweat
                childish
                poll

            </item>
            
        -->
        item value 1
    </item>
    <item>item value 2</item>
    <item>item value 3</item>
    <item>item value 4</item>
    <item>item value 5</item>
</item_list>